#
# There is insufficient memory for the Java Runtime Environment to continue.
# Native memory allocation (malloc) failed to allocate 1006416 bytes for Chunk::new
# Possible reasons:
#   The system is out of physical RAM or swap space
#   In 32 bit mode, the process size limit was hit
# Possible solutions:
#   Reduce memory load on the system
#   Increase physical memory or swap space
#   Check if swap backing store is full
#   Use 64 bit Java on a 64 bit OS
#   Decrease Java heap size (-Xmx/-Xms)
#   Decrease number of Java threads
#   Decrease Java thread stack sizes (-Xss)
#   Set larger code cache with -XX:ReservedCodeCacheSize=
# This output file may be truncated or incomplete.
#
#  Out of Memory Error (allocation.cpp:323), pid=4976, tid=6980
#
# JRE version: Java(TM) SE Runtime Environment (7.0_71-b14) (build 1.7.0_71-b14)
# Java VM: Java HotSpot(TM) 64-Bit Server VM (24.71-b01 mixed mode windows-amd64 compressed oops)
# Failed to write core dump. Minidumps are not enabled by default on client versions of Windows
#

---------------  T H R E A D  ---------------

Current thread (0x000000000c3dc800):  JavaThread "C2 CompilerThread1" daemon [_thread_in_native, id=6980, stack(0x000000000c9d0000,0x000000000cad0000)]

Stack: [0x000000000c9d0000,0x000000000cad0000]
[error occurred during error reporting (printing stack bounds), id 0xc0000005]


[error occurred during error reporting (printing native stack), id 0xc0000005]


Current CompileTask:
C2:   4100  686             java.lang.Class::privateGetPublicMethods (247 bytes)


---------------  P R O C E S S  ---------------

Java Threads: ( => current thread )
  0x000000000fbb9000 JavaThread "spring.cloud.inetutils" daemon [_thread_blocked, id=5136, stack(0x00000000118a0000,0x00000000119a0000)]
  0x000000000e9cf000 JavaThread "container-0" [_thread_blocked, id=3040, stack(0x0000000011780000,0x0000000011880000)]
  0x000000000ef02800 JavaThread "ContainerBackgroundProcessor[StandardEngine[Tomcat]]" daemon [_thread_blocked, id=2476, stack(0x0000000010260000,0x0000000010360000)]
  0x000000000e803000 JavaThread "localhost-startStop-1" daemon [_thread_blocked, id=6412, stack(0x00000000115f0000,0x00000000116f0000)]
  0x000000000fe76800 JavaThread "Tomcat-startStop-1" daemon [_thread_blocked, id=6672, stack(0x0000000010480000,0x0000000010580000)]
  0x000000000c3e2800 JavaThread "Service Thread" daemon [_thread_blocked, id=6204, stack(0x000000000d6e0000,0x000000000d7e0000)]
=>0x000000000c3dc800 JavaThread "C2 CompilerThread1" daemon [_thread_in_native, id=6980, stack(0x000000000c9d0000,0x000000000cad0000)]
  0x000000000c3d8800 JavaThread "C2 CompilerThread0" daemon [_thread_in_native, id=1580, stack(0x000000000d4a0000,0x000000000d5a0000)]
  0x000000000c3c7800 JavaThread "JDWP Command Reader" daemon [_thread_in_native, id=2304, stack(0x000000000d370000,0x000000000d470000)]
  0x000000000c3c6000 JavaThread "JDWP Event Helper Thread" daemon [_thread_blocked, id=2516, stack(0x000000000cf10000,0x000000000d010000)]
  0x000000000ae86800 JavaThread "JDWP Transport Listener: dt_socket" daemon [_thread_blocked, id=684, stack(0x000000000d160000,0x000000000d260000)]
  0x000000000ae7a000 JavaThread "Attach Listener" daemon [_thread_blocked, id=5216, stack(0x000000000c8c0000,0x000000000c9c0000)]
  0x000000000c3c1000 JavaThread "Signal Dispatcher" daemon [_thread_blocked, id=3604, stack(0x000000000c010000,0x000000000c110000)]
  0x000000000ae1a800 JavaThread "Finalizer" daemon [_thread_blocked, id=7852, stack(0x000000000c2b0000,0x000000000c3b0000)]
  0x000000000ae13000 JavaThread "Reference Handler" daemon [_thread_blocked, id=6288, stack(0x000000000c130000,0x000000000c230000)]
  0x000000000261c000 JavaThread "main" [_thread_in_vm, id=3488, stack(0x00000000027b0000,0x00000000028b0000)]

Other Threads:
  0x000000000ae0f800 VMThread [stack: 0x000000000beb0000,0x000000000bfb0000] [id=4128]
  0x000000000c49b000 WatcherThread [stack: 0x000000000d8c0000,0x000000000d9c0000] [id=4704]

VM state:not at safepoint (normal execution)

VM Mutex/Monitor currently owned by a thread: None

Heap
 PSYoungGen      total 71680K, used 50796K [0x00000007d5e80000, 0x00000007da980000, 0x0000000800000000)
  eden space 66560K, 71% used [0x00000007d5e80000,0x00000007d8caedf0,0x00000007d9f80000)
  from space 5120K, 68% used [0x00000007d9f80000,0x00000007da2ec410,0x00000007da480000)
  to   space 5120K, 0% used [0x00000007da480000,0x00000007da480000,0x00000007da980000)
 ParOldGen       total 86016K, used 24162K [0x0000000781c00000, 0x0000000787000000, 0x00000007d5e80000)
  object space 86016K, 28% used [0x0000000781c00000,0x0000000783398950,0x0000000787000000)
 PSPermGen       total 31744K, used 31500K [0x000000077ca00000, 0x000000077e900000, 0x0000000781c00000)
  object space 31744K, 99% used [0x000000077ca00000,0x000000077e8c3210,0x000000077e900000)

Card table byte_map: [0x0000000005970000,0x0000000005d90000] byte_map_base: 0x0000000001d8b000

Polling page: 0x0000000000130000

Code Cache  [0x0000000002970000, 0x0000000002c40000, 0x0000000005970000)
 total_blobs=997 nmethods=661 adapters=295 free_code_cache=46449Kb largest_free_block=47410496

Compilation events (10 events):
Event: 3.972 Thread 0x000000000c3d8800  681             org.springframework.asm.ClassReader::readCode (3579 bytes)
Event: 3.973 Thread 0x000000000c3dc800  682             org.springframework.asm.MethodVisitor::visitMethodInsn (68 bytes)
Event: 3.996 Thread 0x000000000c3dc800 nmethod 682 0x0000000002ae3e50 code [0x0000000002ae40a0, 0x0000000002ae6740]
Event: 3.997 Thread 0x000000000c3dc800  683             java.lang.reflect.Method::getGenericSignature (5 bytes)
Event: 3.997 Thread 0x000000000c3dc800 nmethod 683 0x0000000002c0d150 code [0x0000000002c0d280, 0x0000000002c0d2f8]
Event: 3.997 Thread 0x000000000c3dc800  684             java.lang.Class::privateGetDeclaredMethods (67 bytes)
Event: 3.999 Thread 0x000000000c3dc800 nmethod 684 0x0000000002c09290 code [0x0000000002c09420, 0x0000000002c096b0]
Event: 3.999 Thread 0x000000000c3dc800  685             java.lang.Class$MethodArray::addAll (22 bytes)
Event: 4.002 Thread 0x000000000c3dc800 nmethod 685 0x0000000002c08b50 code [0x0000000002c08ca0, 0x0000000002c09038]
Event: 4.002 Thread 0x000000000c3dc800  686             java.lang.Class::privateGetPublicMethods (247 bytes)

GC Heap History (10 events):
Event: 2.109 GC heap before
{Heap before GC invocations=7 (full 0):
 PSYoungGen      total 71680K, used 71679K [0x00000007d5e80000, 0x00000007da980000, 0x0000000800000000)
  eden space 66560K, 100% used [0x00000007d5e80000,0x00000007d9f80000,0x00000007d9f80000)
  from space 5120K, 99% used [0x00000007da480000,0x00000007da97fca0,0x00000007da980000)
  to   space 5120K, 0% used [0x00000007d9f80000,0x00000007d9f80000,0x00000007da480000)
 ParOldGen       total 86016K, used 6167K [0x0000000781c00000, 0x0000000787000000, 0x00000007d5e80000)
  object space 86016K, 7% used [0x0000000781c00000,0x0000000782205f20,0x0000000787000000)
 PSPermGen       total 22528K, used 22513K [0x000000077ca00000, 0x000000077e000000, 0x0000000781c00000)
  object space 22528K, 99% used [0x000000077ca00000,0x000000077dffc790,0x000000077e000000)
Event: 2.117 GC heap after
Heap after GC invocations=7 (full 0):
 PSYoungGen      total 71680K, used 5113K [0x00000007d5e80000, 0x00000007da980000, 0x0000000800000000)
  eden space 66560K, 0% used [0x00000007d5e80000,0x00000007d5e80000,0x00000007d9f80000)
  from space 5120K, 99% used [0x00000007d9f80000,0x00000007da47e768,0x00000007da480000)
  to   space 5120K, 0% used [0x00000007da480000,0x00000007da480000,0x00000007da980000)
 ParOldGen       total 86016K, used 8323K [0x0000000781c00000, 0x0000000787000000, 0x00000007d5e80000)
  object space 86016K, 9% used [0x0000000781c00000,0x0000000782420ca8,0x0000000787000000)
 PSPermGen       total 22528K, used 22513K [0x000000077ca00000, 0x000000077e000000, 0x0000000781c00000)
  object space 22528K, 99% used [0x000000077ca00000,0x000000077dffc790,0x000000077e000000)
}
Event: 2.569 GC heap before
{Heap before GC invocations=8 (full 0):
 PSYoungGen      total 71680K, used 71673K [0x00000007d5e80000, 0x00000007da980000, 0x0000000800000000)
  eden space 66560K, 100% used [0x00000007d5e80000,0x00000007d9f80000,0x00000007d9f80000)
  from space 5120K, 99% used [0x00000007d9f80000,0x00000007da47e768,0x00000007da480000)
  to   space 5120K, 0% used [0x00000007da480000,0x00000007da480000,0x00000007da980000)
 ParOldGen       total 86016K, used 8323K [0x0000000781c00000, 0x0000000787000000, 0x00000007d5e80000)
  object space 86016K, 9% used [0x0000000781c00000,0x0000000782420ca8,0x0000000787000000)
 PSPermGen       total 25088K, used 25038K [0x000000077ca00000, 0x000000077e280000, 0x0000000781c00000)
  object space 25088K, 99% used [0x000000077ca00000,0x000000077e273898,0x000000077e280000)
Event: 2.577 GC heap after
Heap after GC invocations=8 (full 0):
 PSYoungGen      total 71680K, used 5120K [0x00000007d5e80000, 0x00000007da980000, 0x0000000800000000)
  eden space 66560K, 0% used [0x00000007d5e80000,0x00000007d5e80000,0x00000007d9f80000)
  from space 5120K, 100% used [0x00000007da480000,0x00000007da980000,0x00000007da980000)
  to   space 5120K, 0% used [0x00000007d9f80000,0x00000007d9f80000,0x00000007da480000)
 ParOldGen       total 86016K, used 11523K [0x0000000781c00000, 0x0000000787000000, 0x00000007d5e80000)
  object space 86016K, 13% used [0x0000000781c00000,0x0000000782740cf0,0x0000000787000000)
 PSPermGen       total 25088K, used 25038K [0x000000077ca00000, 0x000000077e280000, 0x0000000781c00000)
  object space 25088K, 99% used [0x000000077ca00000,0x000000077e273898,0x000000077e280000)
}
Event: 3.018 GC heap before
{Heap before GC invocations=9 (full 0):
 PSYoungGen      total 71680K, used 71680K [0x00000007d5e80000, 0x00000007da980000, 0x0000000800000000)
  eden space 66560K, 100% used [0x00000007d5e80000,0x00000007d9f80000,0x00000007d9f80000)
  from space 5120K, 100% used [0x00000007da480000,0x00000007da980000,0x00000007da980000)
  to   space 5120K, 0% used [0x00000007d9f80000,0x00000007d9f80000,0x00000007da480000)
 ParOldGen       total 86016K, used 11523K [0x0000000781c00000, 0x0000000787000000, 0x00000007d5e80000)
  object space 86016K, 13% used [0x0000000781c00000,0x0000000782740cf0,0x0000000787000000)
 PSPermGen       total 28160K, used 28047K [0x000000077ca00000, 0x000000077e580000, 0x0000000781c00000)
  object space 28160K, 99% used [0x000000077ca00000,0x000000077e563e58,0x000000077e580000)
Event: 3.038 GC heap after
Heap after GC invocations=9 (full 0):
 PSYoungGen      total 71680K, used 5088K [0x00000007d5e80000, 0x00000007da980000, 0x0000000800000000)
  eden space 66560K, 0% used [0x00000007d5e80000,0x00000007d5e80000,0x00000007d9f80000)
  from space 5120K, 99% used [0x00000007d9f80000,0x00000007da478040,0x00000007da480000)
  to   space 5120K, 0% used [0x00000007da480000,0x00000007da480000,0x00000007da980000)
 ParOldGen       total 86016K, used 17435K [0x0000000781c00000, 0x0000000787000000, 0x00000007d5e80000)
  object space 86016K, 20% used [0x0000000781c00000,0x0000000782d06c30,0x0000000787000000)
 PSPermGen       total 28160K, used 28047K [0x000000077ca00000, 0x000000077e580000, 0x0000000781c00000)
  object space 28160K, 99% used [0x000000077ca00000,0x000000077e563e58,0x000000077e580000)
}
Event: 3.447 GC heap before
{Heap before GC invocations=10 (full 0):
 PSYoungGen      total 71680K, used 71648K [0x00000007d5e80000, 0x00000007da980000, 0x0000000800000000)
  eden space 66560K, 100% used [0x00000007d5e80000,0x00000007d9f80000,0x00000007d9f80000)
  from space 5120K, 99% used [0x00000007d9f80000,0x00000007da478040,0x00000007da480000)
  to   space 5120K, 0% used [0x00000007da480000,0x00000007da480000,0x00000007da980000)
 ParOldGen       total 86016K, used 17435K [0x0000000781c00000, 0x0000000787000000, 0x00000007d5e80000)
  object space 86016K, 20% used [0x0000000781c00000,0x0000000782d06c30,0x0000000787000000)
 PSPermGen       total 29696K, used 29653K [0x000000077ca00000, 0x000000077e700000, 0x0000000781c00000)
  object space 29696K, 99% used [0x000000077ca00000,0x000000077e6f5790,0x000000077e700000)
Event: 3.454 GC heap after
Heap after GC invocations=10 (full 0):
 PSYoungGen      total 71680K, used 5106K [0x00000007d5e80000, 0x00000007da980000, 0x0000000800000000)
  eden space 66560K, 0% used [0x00000007d5e80000,0x00000007d5e80000,0x00000007d9f80000)
  from space 5120K, 99% used [0x00000007da480000,0x00000007da97c928,0x00000007da980000)
  to   space 5120K, 0% used [0x00000007d9f80000,0x00000007d9f80000,0x00000007da480000)
 ParOldGen       total 86016K, used 20290K [0x0000000781c00000, 0x0000000787000000, 0x00000007d5e80000)
  object space 86016K, 23% used [0x0000000781c00000,0x0000000782fd08c0,0x0000000787000000)
 PSPermGen       total 29696K, used 29653K [0x000000077ca00000, 0x000000077e700000, 0x0000000781c00000)
  object space 29696K, 99% used [0x000000077ca00000,0x000000077e6f5790,0x000000077e700000)
}
Event: 3.875 GC heap before
{Heap before GC invocations=11 (full 0):
 PSYoungGen      total 71680K, used 71666K [0x00000007d5e80000, 0x00000007da980000, 0x0000000800000000)
  eden space 66560K, 100% used [0x00000007d5e80000,0x00000007d9f80000,0x00000007d9f80000)
  from space 5120K, 99% used [0x00000007da480000,0x00000007da97c928,0x00000007da980000)
  to   space 5120K, 0% used [0x00000007d9f80000,0x00000007d9f80000,0x00000007da480000)
 ParOldGen       total 86016K, used 20290K [0x0000000781c00000, 0x0000000787000000, 0x00000007d5e80000)
  object space 86016K, 23% used [0x0000000781c00000,0x0000000782fd08c0,0x0000000787000000)
 PSPermGen       total 31232K, used 31022K [0x000000077ca00000, 0x000000077e880000, 0x0000000781c00000)
  object space 31232K, 99% used [0x000000077ca00000,0x000000077e84b8d8,0x000000077e880000)
Event: 3.882 GC heap after
Heap after GC invocations=11 (full 0):
 PSYoungGen      total 71680K, used 3505K [0x00000007d5e80000, 0x00000007da980000, 0x0000000800000000)
  eden space 66560K, 0% used [0x00000007d5e80000,0x00000007d5e80000,0x00000007d9f80000)
  from space 5120K, 68% used [0x00000007d9f80000,0x00000007da2ec410,0x00000007da480000)
  to   space 5120K, 0% used [0x00000007da480000,0x00000007da480000,0x00000007da980000)
 ParOldGen       total 86016K, used 24162K [0x0000000781c00000, 0x0000000787000000, 0x00000007d5e80000)
  object space 86016K, 28% used [0x0000000781c00000,0x0000000783398950,0x0000000787000000)
 PSPermGen       total 31232K, used 31022K [0x000000077ca00000, 0x000000077e880000, 0x0000000781c00000)
  object space 31232K, 99% used [0x000000077ca00000,0x000000077e84b8d8,0x000000077e880000)
}

Deoptimization events (10 events):
Event: 4.080 Thread 0x000000000261c000 Uncommon trap: reason=unhandled action=none pc=0x0000000002be80b8 method=java.net.URLClassLoader$1.run()Ljava/lang/Class; @ 72
Event: 4.080 Thread 0x000000000261c000 Uncommon trap: reason=unhandled action=none pc=0x0000000002be80b8 method=java.net.URLClassLoader$1.run()Ljava/lang/Class; @ 72
Event: 4.080 Thread 0x000000000261c000 Uncommon trap: reason=unhandled action=none pc=0x0000000002be80b8 method=java.net.URLClassLoader$1.run()Ljava/lang/Class; @ 72
Event: 4.080 Thread 0x000000000261c000 Uncommon trap: reason=unhandled action=none pc=0x0000000002be80b8 method=java.net.URLClassLoader$1.run()Ljava/lang/Class; @ 72
Event: 4.080 Thread 0x000000000261c000 Uncommon trap: reason=unhandled action=none pc=0x0000000002be80b8 method=java.net.URLClassLoader$1.run()Ljava/lang/Class; @ 72
Event: 4.081 Thread 0x000000000261c000 Uncommon trap: reason=unhandled action=none pc=0x0000000002be80b8 method=java.net.URLClassLoader$1.run()Ljava/lang/Class; @ 72
Event: 4.081 Thread 0x000000000261c000 Uncommon trap: reason=unhandled action=none pc=0x0000000002be80b8 method=java.net.URLClassLoader$1.run()Ljava/lang/Class; @ 72
Event: 4.081 Thread 0x000000000261c000 Uncommon trap: reason=unhandled action=none pc=0x0000000002be80b8 method=java.net.URLClassLoader$1.run()Ljava/lang/Class; @ 72
Event: 4.081 Thread 0x000000000261c000 Uncommon trap: reason=unhandled action=none pc=0x0000000002be80b8 method=java.net.URLClassLoader$1.run()Ljava/lang/Class; @ 72
Event: 4.081 Thread 0x000000000261c000 Uncommon trap: reason=unhandled action=none pc=0x0000000002be80b8 method=java.net.URLClassLoader$1.run()Ljava/lang/Class; @ 72

Internal exceptions (10 events):
Event: 4.080 Thread 0x000000000261c000 Threw 0x00000007d8702208 at C:\re\jdk7u71\1605\hotspot\src\share\vm\prims\jvm.cpp:1281
Event: 4.080 Thread 0x000000000261c000 Threw 0x00000007d8724c68 at C:\re\jdk7u71\1605\hotspot\src\share\vm\prims\jvm.cpp:1281
Event: 4.080 Thread 0x000000000261c000 Threw 0x00000007d8725e60 at C:\re\jdk7u71\1605\hotspot\src\share\vm\prims\jvm.cpp:1281
Event: 4.081 Thread 0x000000000261c000 Threw 0x00000007d8748928 at C:\re\jdk7u71\1605\hotspot\src\share\vm\prims\jvm.cpp:1281
Event: 4.081 Thread 0x000000000261c000 Threw 0x00000007d8748ee0 at C:\re\jdk7u71\1605\hotspot\src\share\vm\classfile\systemDictionary.cpp:185
Event: 4.081 Thread 0x000000000261c000 Threw 0x00000007d874d5c8 at C:\re\jdk7u71\1605\hotspot\src\share\vm\prims\jvm.cpp:1281
Event: 4.081 Thread 0x000000000261c000 Threw 0x00000007d8761c40 at C:\re\jdk7u71\1605\hotspot\src\share\vm\prims\jvm.cpp:1281
Event: 4.081 Thread 0x000000000261c000 Threw 0x00000007d8762a70 at C:\re\jdk7u71\1605\hotspot\src\share\vm\prims\jvm.cpp:1281
Event: 4.081 Thread 0x000000000261c000 Threw 0x00000007d87770e8 at C:\re\jdk7u71\1605\hotspot\src\share\vm\prims\jvm.cpp:1281
Event: 4.081 Thread 0x000000000261c000 Threw 0x00000007d8777600 at C:\re\jdk7u71\1605\hotspot\src\share\vm\classfile\systemDictionary.cpp:185

Events (10 events):
Event: 4.081 Thread 0x000000000261c000 Uncommon trap: trap_request=0xffffffa7 fr.pc=0x0000000002be80b8
Event: 4.081 Thread 0x000000000261c000 DEOPT PACKING pc=0x0000000002be80b8 sp=0x00000000028a9990
Event: 4.081 Thread 0x000000000261c000 DEOPT UNPACKING pc=0x00000000029a75a4 sp=0x00000000028a99b8 mode 2
Event: 4.081 Thread 0x000000000261c000 Uncommon trap: trap_request=0xffffffa7 fr.pc=0x0000000002be80b8
Event: 4.081 Thread 0x000000000261c000 DEOPT PACKING pc=0x0000000002be80b8 sp=0x00000000028a9a40
Event: 4.081 Thread 0x000000000261c000 DEOPT UNPACKING pc=0x00000000029a75a4 sp=0x00000000028a9a68 mode 2
Event: 4.081 Thread 0x000000000261c000 DEOPT PACKING pc=0x0000000002acbdbc sp=0x00000000028aa790
Event: 4.081 Thread 0x000000000261c000 DEOPT UNPACKING pc=0x00000000029a92b9 sp=0x00000000028aa468 mode 1
Event: 4.081 loading class 0x000000000e4a3660
Event: 4.081 loading class 0x000000000e4a3660 done


Dynamic libraries:
0x000000013fd10000 - 0x000000013fd43000 	D:\Java\jre7\bin\javaw.exe
0x0000000077090000 - 0x0000000077239000 	C:\Windows\SYSTEM32\ntdll.dll
0x0000000076f70000 - 0x000000007708f000 	C:\Windows\system32\kernel32.dll
0x000007fefd150000 - 0x000007fefd1bb000 	C:\Windows\system32\KERNELBASE.dll
0x000007fefe5b0000 - 0x000007fefe68b000 	C:\Windows\system32\ADVAPI32.dll
0x000007fefea80000 - 0x000007fefeb1f000 	C:\Windows\system32\msvcrt.dll
0x000007fefe9f0000 - 0x000007fefea0f000 	C:\Windows\SYSTEM32\sechost.dll
0x000007fefef70000 - 0x000007feff09d000 	C:\Windows\system32\RPCRT4.dll
0x0000000076e70000 - 0x0000000076f6a000 	C:\Windows\system32\USER32.dll
0x000007fefea10000 - 0x000007fefea77000 	C:\Windows\system32\GDI32.dll
0x000007fefe9e0000 - 0x000007fefe9ee000 	C:\Windows\system32\LPK.dll
0x000007fefe830000 - 0x000007fefe8f9000 	C:\Windows\system32\USP10.dll
0x000007fefb5f0000 - 0x000007fefb7e4000 	C:\Windows\WinSxS\amd64_microsoft.windows.common-controls_6595b64144ccf1df_6.0.7601.17514_none_fa396087175ac9ac\COMCTL32.dll
0x000007feff0a0000 - 0x000007feff111000 	C:\Windows\system32\SHLWAPI.dll
0x000007fefe230000 - 0x000007fefe25e000 	C:\Windows\system32\IMM32.DLL
0x000007fefec00000 - 0x000007fefed09000 	C:\Windows\system32\MSCTF.dll
0x000007fefd010000 - 0x000007fefd07e000 	C:\Windows\system32\dtrampo.dll
0x000007fefa4a0000 - 0x000007fefa4a3000 	C:\Windows\system32\api-ms-win-core-synch-l1-2-0.DLL
0x0000000070980000 - 0x0000000070a52000 	D:\Java\jre7\bin\msvcr100.dll
0x000000006e440000 - 0x000000006ec13000 	D:\Java\jre7\bin\server\jvm.dll
0x000007fef6a80000 - 0x000007fef6a89000 	C:\Windows\system32\WSOCK32.dll
0x000007fefd3b0000 - 0x000007fefd3fd000 	C:\Windows\system32\WS2_32.dll
0x000007fefe390000 - 0x000007fefe398000 	C:\Windows\system32\NSI.dll
0x000007fefae80000 - 0x000007fefaebb000 	C:\Windows\system32\WINMM.dll
0x0000000077250000 - 0x0000000077257000 	C:\Windows\system32\PSAPI.DLL
0x0000000073ca0000 - 0x0000000073caf000 	D:\Java\jre7\bin\verify.dll
0x0000000070ba0000 - 0x0000000070bc8000 	D:\Java\jre7\bin\java.dll
0x000000006c470000 - 0x000000006c4a5000 	D:\Java\jre7\bin\jdwp.dll
0x000000006c460000 - 0x000000006c468000 	D:\Java\jre7\bin\npt.dll
0x0000000070b80000 - 0x0000000070b95000 	D:\Java\jre7\bin\zip.dll
0x000000006c440000 - 0x000000006c449000 	D:\Java\jre7\bin\dt_socket.dll
0x000007fefb140000 - 0x000007fefb155000 	C:\Windows\system32\NLAapi.dll
0x000007fef9be0000 - 0x000007fef9bf5000 	C:\Windows\system32\napinsp.dll
0x000007fef9bc0000 - 0x000007fef9bd9000 	C:\Windows\system32\pnrpnsp.dll
0x000007fefc780000 - 0x000007fefc7d5000 	C:\Windows\System32\mswsock.dll
0x000007fefc610000 - 0x000007fefc66b000 	C:\Windows\system32\DNSAPI.dll
0x000007fef9550000 - 0x000007fef955b000 	C:\Windows\System32\winrnr.dll
0x000007fefa910000 - 0x000007fefa937000 	C:\Windows\system32\IPHLPAPI.DLL
0x000007fefa8d0000 - 0x000007fefa8db000 	C:\Windows\system32\WINNSI.DLL
0x000007fefa860000 - 0x000007fefa8b3000 	C:\Windows\System32\fwpuclnt.dll
0x000007fef9530000 - 0x000007fef9538000 	C:\Windows\system32\rasadhlp.dll
0x000007fefc1a0000 - 0x000007fefc1a7000 	C:\Windows\System32\wshtcpip.dll
0x0000000070960000 - 0x0000000070979000 	D:\Java\jre7\bin\net.dll
0x000007fefc9e0000 - 0x000007fefc9e7000 	C:\Windows\System32\wship6.dll
0x0000000070940000 - 0x0000000070951000 	D:\Java\jre7\bin\nio.dll
0x000007fefa790000 - 0x000007fefa7a1000 	C:\Windows\system32\dhcpcsvc6.DLL
0x000007fefa770000 - 0x000007fefa788000 	C:\Windows\system32\dhcpcsvc.DLL
0x000000006c450000 - 0x000000006c45b000 	D:\Java\jre7\bin\management.dll
0x000007fefc7e0000 - 0x000007fefc7f7000 	C:\Windows\system32\CRYPTSP.dll
0x000007fefc440000 - 0x000007fefc487000 	C:\Windows\system32\rsaenh.dll
0x000007fefc2b0000 - 0x000007fefc2ce000 	C:\Windows\system32\USERENV.dll
0x000007fefcf70000 - 0x000007fefcf7f000 	C:\Windows\system32\profapi.dll
0x000007fefce60000 - 0x000007fefce6f000 	C:\Windows\system32\CRYPTBASE.dll

VM Arguments:
jvm_args: -agentlib:jdwp=transport=dt_socket,suspend=y,address=localhost:53832 -Dfile.encoding=UTF-8 
java_command: com.aarony.cloud.provider.ServiceApplication
Launcher Type: SUN_STANDARD

Environment Variables:
JAVA_HOME=D:\Java\jdk1.7.0_71
JRE_HOME=D:\Java\jdk1.7.0_71\jre
PATH=C:\Windows\system32;C:\Windows;C:\Windows\System32\Wbem;C:\Windows\System32\WindowsPowerShell\v1.0\;D:\Java\jdk1.7.0_71\bin;D:\Java\jdk1.7.0_71\jre;D:\apache-maven-3.3.9\bin;D:\apache-tomcat-7.0.68\bin;D:\Program Files\TortoiseSVN\bin;D:\nexus-2.14.5-02-bundle\nexus-2.14.5-02\bin
USERNAME=user100
OS=Windows_NT
PROCESSOR_IDENTIFIER=Intel64 Family 6 Model 94 Stepping 3, GenuineIntel



---------------  S Y S T E M  ---------------

OS: Windows 7 , 64 bit Build 7601 Service Pack 1

CPU:total 4 (4 cores per cpu, 1 threads per core) family 6 model 94 stepping 3, cmov, cx8, fxsr, mmx, sse, sse2, sse3, ssse3, sse4.1, sse4.2, popcnt, avx, avx2, aes, erms, tsc, tscinvbit

Memory: 4k page, physical 8266772k(897412k free), swap 8264928k(6352k free)

vm_info: Java HotSpot(TM) 64-Bit Server VM (24.71-b01) for windows-amd64 JRE (1.7.0_71-b14), built on Sep 26 2014 16:16:12 by "java_re" with unknown MS VC++:1600

time: Mon Oct 30 11:32:42 2017
elapsed time: 4 seconds

