#
# There is insufficient memory for the Java Runtime Environment to continue.
# Native memory allocation (malloc) failed to allocate 1879696 bytes for Chunk::new
# Possible reasons:
#   The system is out of physical RAM or swap space
#   In 32 bit mode, the process size limit was hit
# Possible solutions:
#   Reduce memory load on the system
#   Increase physical memory or swap space
#   Check if swap backing store is full
#   Use 64 bit Java on a 64 bit OS
#   Decrease Java heap size (-Xmx/-Xms)
#   Decrease number of Java threads
#   Decrease Java thread stack sizes (-Xss)
#   Set larger code cache with -XX:ReservedCodeCacheSize=
# This output file may be truncated or incomplete.
#
#  Out of Memory Error (allocation.cpp:323), pid=7068, tid=4136
#
# JRE version: Java(TM) SE Runtime Environment (7.0_71-b14) (build 1.7.0_71-b14)
# Java VM: Java HotSpot(TM) 64-Bit Server VM (24.71-b01 mixed mode windows-amd64 compressed oops)
# Failed to write core dump. Minidumps are not enabled by default on client versions of Windows
#

---------------  T H R E A D  ---------------

Current thread (0x000000000c1c0800):  JavaThread "C2 CompilerThread1" daemon [_thread_in_native, id=4136, stack(0x000000000c5e0000,0x000000000c6e0000)]

Stack: [0x000000000c5e0000,0x000000000c6e0000]
[error occurred during error reporting (printing stack bounds), id 0xc0000005]


[error occurred during error reporting (printing native stack), id 0xc0000005]


Current CompileTask:
C2:   3514  562             org.springframework.asm.ClassReader::readCode (3579 bytes)


---------------  P R O C E S S  ---------------

Java Threads: ( => current thread )
  0x000000000c1cb800 JavaThread "Service Thread" daemon [_thread_blocked, id=6516, stack(0x000000000cfa0000,0x000000000d0a0000)]
=>0x000000000c1c0800 JavaThread "C2 CompilerThread1" daemon [_thread_in_native, id=4136, stack(0x000000000c5e0000,0x000000000c6e0000)]
  0x000000000c1bd000 JavaThread "C2 CompilerThread0" daemon [_thread_in_native, id=7684, stack(0x000000000d260000,0x000000000d360000)]
  0x000000000c1ae000 JavaThread "JDWP Command Reader" daemon [_thread_in_native, id=1316, stack(0x000000000d110000,0x000000000d210000)]
  0x000000000c1ad000 JavaThread "JDWP Event Helper Thread" daemon [_thread_blocked, id=7496, stack(0x000000000cea0000,0x000000000cfa0000)]
  0x000000000afdb800 JavaThread "JDWP Transport Listener: dt_socket" daemon [_thread_blocked, id=5700, stack(0x000000000cb90000,0x000000000cc90000)]
  0x000000000c1a3800 JavaThread "Attach Listener" daemon [_thread_blocked, id=7824, stack(0x000000000bf70000,0x000000000c070000)]
  0x000000000c1a2800 JavaThread "Signal Dispatcher" daemon [_thread_blocked, id=6704, stack(0x000000000c6f0000,0x000000000c7f0000)]
  0x000000000af6e000 JavaThread "Finalizer" daemon [_thread_blocked, id=1688, stack(0x000000000c090000,0x000000000c190000)]
  0x000000000af67000 JavaThread "Reference Handler" daemon [_thread_blocked, id=4980, stack(0x000000000be30000,0x000000000bf30000)]
  0x0000000001d2d000 JavaThread "main" [_thread_in_vm, id=7836, stack(0x00000000029c0000,0x0000000002ac0000)]

Other Threads:
  0x000000000af63800 VMThread [stack: 0x000000000bce0000,0x000000000bde0000] [id=7856]
  0x000000000c21d800 WatcherThread [stack: 0x000000000d4b0000,0x000000000d5b0000] [id=6472]

VM state:not at safepoint (normal execution)

VM Mutex/Monitor currently owned by a thread:  ([mutex/lock_event])
[0x00000000028ffbd0] SystemDictionary_lock - owner thread: 0x0000000000000000

Heap
 PSYoungGen      total 140800K, used 85709K [0x00000007d5e80000, 0x00000007e7780000, 0x0000000800000000)
  eden space 131584K, 58% used [0x00000007d5e80000,0x00000007da93ae48,0x00000007ddf00000)
  from space 9216K, 99% used [0x00000007ddf00000,0x00000007de7f8970,0x00000007de800000)
  to   space 12288K, 0% used [0x00000007e6b80000,0x00000007e6b80000,0x00000007e7780000)
 ParOldGen       total 86016K, used 6990K [0x0000000781c00000, 0x0000000787000000, 0x00000007d5e80000)
  object space 86016K, 8% used [0x0000000781c00000,0x00000007822d39d0,0x0000000787000000)
 PSPermGen       total 28672K, used 28405K [0x000000077ca00000, 0x000000077e600000, 0x0000000781c00000)
  object space 28672K, 99% used [0x000000077ca00000,0x000000077e5bd4e0,0x000000077e600000)

Card table byte_map: [0x0000000005ac0000,0x0000000005ee0000] byte_map_base: 0x0000000001edb000

Polling page: 0x0000000000130000

Code Cache  [0x0000000002ac0000, 0x0000000002d30000, 0x0000000005ac0000)
 total_blobs=889 nmethods=554 adapters=295 free_code_cache=46892Kb largest_free_block=47977216

Compilation events (10 events):
Event: 3.492 Thread 0x000000000c1bd000 nmethod 572 0x0000000002cf3ad0 code [0x0000000002cf3c00, 0x0000000002cf3c58]
Event: 3.492 Thread 0x000000000c1bd000  573             org.springframework.util.ClassUtils::isAssignable (81 bytes)
Event: 3.495 Thread 0x000000000c1bd000 nmethod 573 0x0000000002cf9010 code [0x0000000002cf9180, 0x0000000002cf94c8]
Event: 3.495 Thread 0x000000000c1bd000  574             org.springframework.aop.framework.autoproxy.AbstractAutoProxyCreator::predictBeanType (35 bytes)
Event: 3.497 Thread 0x000000000c1bd000 nmethod 574 0x0000000002cf8950 code [0x0000000002cf8ac0, 0x0000000002cf8d58]
Event: 3.497 Thread 0x000000000c1bd000  575   !         com.sun.proxy.$Proxy10::annotationType (29 bytes)
Event: 3.497 Thread 0x000000000c1bd000 nmethod 575 0x0000000002cf3650 code [0x0000000002cf37c0, 0x0000000002cf3948]
Event: 3.498 Thread 0x000000000c1bd000  576             java.util.HashMap$EntrySet::iterator (8 bytes)
Event: 3.498 Thread 0x000000000c1bd000 nmethod 576 0x0000000002cf9850 code [0x0000000002cf99a0, 0x0000000002cf9a38]
Event: 3.498 Thread 0x000000000c1bd000  577             org.springframework.beans.factory.support.AbstractBeanFactory::isTypeMatch (495 bytes)

GC Heap History (10 events):
Event: 1.355 GC heap before
{Heap before GC invocations=3 (full 0):
 PSYoungGen      total 38400K, used 37562K [0x00000007d5e80000, 0x00000007d8900000, 0x0000000800000000)
  eden space 33280K, 100% used [0x00000007d5e80000,0x00000007d7f00000,0x00000007d7f00000)
  from space 5120K, 83% used [0x00000007d8400000,0x00000007d882ea68,0x00000007d8900000)
  to   space 5120K, 0% used [0x00000007d7f00000,0x00000007d7f00000,0x00000007d8400000)
 ParOldGen       total 86016K, used 16K [0x0000000781c00000, 0x0000000787000000, 0x00000007d5e80000)
  object space 86016K, 0% used [0x0000000781c00000,0x0000000781c04000,0x0000000787000000)
 PSPermGen       total 21504K, used 13374K [0x000000077ca00000, 0x000000077df00000, 0x0000000781c00000)
  object space 21504K, 62% used [0x000000077ca00000,0x000000077d70fa90,0x000000077df00000)
Event: 1.359 GC heap after
Heap after GC invocations=3 (full 0):
 PSYoungGen      total 38400K, used 5112K [0x00000007d5e80000, 0x00000007da980000, 0x0000000800000000)
  eden space 33280K, 0% used [0x00000007d5e80000,0x00000007d5e80000,0x00000007d7f00000)
  from space 5120K, 99% used [0x00000007d7f00000,0x00000007d83fe320,0x00000007d8400000)
  to   space 5120K, 0% used [0x00000007da480000,0x00000007da480000,0x00000007da980000)
 ParOldGen       total 86016K, used 581K [0x0000000781c00000, 0x0000000787000000, 0x00000007d5e80000)
  object space 86016K, 0% used [0x0000000781c00000,0x0000000781c91430,0x0000000787000000)
 PSPermGen       total 21504K, used 13374K [0x000000077ca00000, 0x000000077df00000, 0x0000000781c00000)
  object space 21504K, 62% used [0x000000077ca00000,0x000000077d70fa90,0x000000077df00000)
}
Event: 1.545 GC heap before
{Heap before GC invocations=4 (full 0):
 PSYoungGen      total 38400K, used 38392K [0x00000007d5e80000, 0x00000007da980000, 0x0000000800000000)
  eden space 33280K, 100% used [0x00000007d5e80000,0x00000007d7f00000,0x00000007d7f00000)
  from space 5120K, 99% used [0x00000007d7f00000,0x00000007d83fe320,0x00000007d8400000)
  to   space 5120K, 0% used [0x00000007da480000,0x00000007da480000,0x00000007da980000)
 ParOldGen       total 86016K, used 581K [0x0000000781c00000, 0x0000000787000000, 0x00000007d5e80000)
  object space 86016K, 0% used [0x0000000781c00000,0x0000000781c91430,0x0000000787000000)
 PSPermGen       total 21504K, used 17120K [0x000000077ca00000, 0x000000077df00000, 0x0000000781c00000)
  object space 21504K, 79% used [0x000000077ca00000,0x000000077dab83b0,0x000000077df00000)
Event: 1.552 GC heap after
Heap after GC invocations=4 (full 0):
 PSYoungGen      total 71680K, used 5112K [0x00000007d5e80000, 0x00000007da980000, 0x0000000800000000)
  eden space 66560K, 0% used [0x00000007d5e80000,0x00000007d5e80000,0x00000007d9f80000)
  from space 5120K, 99% used [0x00000007da480000,0x00000007da97e1d0,0x00000007da980000)
  to   space 5120K, 0% used [0x00000007d9f80000,0x00000007d9f80000,0x00000007da480000)
 ParOldGen       total 86016K, used 1121K [0x0000000781c00000, 0x0000000787000000, 0x00000007d5e80000)
  object space 86016K, 1% used [0x0000000781c00000,0x0000000781d18508,0x0000000787000000)
 PSPermGen       total 21504K, used 17120K [0x000000077ca00000, 0x000000077df00000, 0x0000000781c00000)
  object space 21504K, 79% used [0x000000077ca00000,0x000000077dab83b0,0x000000077df00000)
}
Event: 1.881 GC heap before
{Heap before GC invocations=5 (full 0):
 PSYoungGen      total 71680K, used 71672K [0x00000007d5e80000, 0x00000007da980000, 0x0000000800000000)
  eden space 66560K, 100% used [0x00000007d5e80000,0x00000007d9f80000,0x00000007d9f80000)
  from space 5120K, 99% used [0x00000007da480000,0x00000007da97e1d0,0x00000007da980000)
  to   space 5120K, 0% used [0x00000007d9f80000,0x00000007d9f80000,0x00000007da480000)
 ParOldGen       total 86016K, used 1121K [0x0000000781c00000, 0x0000000787000000, 0x00000007d5e80000)
  object space 86016K, 1% used [0x0000000781c00000,0x0000000781d18508,0x0000000787000000)
 PSPermGen       total 21504K, used 20192K [0x000000077ca00000, 0x000000077df00000, 0x0000000781c00000)
  object space 21504K, 93% used [0x000000077ca00000,0x000000077ddb8368,0x000000077df00000)
Event: 1.888 GC heap after
Heap after GC invocations=5 (full 0):
 PSYoungGen      total 71680K, used 5093K [0x00000007d5e80000, 0x00000007def80000, 0x0000000800000000)
  eden space 66560K, 0% used [0x00000007d5e80000,0x00000007d5e80000,0x00000007d9f80000)
  from space 5120K, 99% used [0x00000007d9f80000,0x00000007da4794c0,0x00000007da480000)
  to   space 7680K, 0% used [0x00000007de800000,0x00000007de800000,0x00000007def80000)
 ParOldGen       total 86016K, used 2994K [0x0000000781c00000, 0x0000000787000000, 0x00000007d5e80000)
  object space 86016K, 3% used [0x0000000781c00000,0x0000000781eecb38,0x0000000787000000)
 PSPermGen       total 21504K, used 20192K [0x000000077ca00000, 0x000000077df00000, 0x0000000781c00000)
  object space 21504K, 93% used [0x000000077ca00000,0x000000077ddb8368,0x000000077df00000)
}
Event: 2.261 GC heap before
{Heap before GC invocations=6 (full 0):
 PSYoungGen      total 71680K, used 71653K [0x00000007d5e80000, 0x00000007def80000, 0x0000000800000000)
  eden space 66560K, 100% used [0x00000007d5e80000,0x00000007d9f80000,0x00000007d9f80000)
  from space 5120K, 99% used [0x00000007d9f80000,0x00000007da4794c0,0x00000007da480000)
  to   space 7680K, 0% used [0x00000007de800000,0x00000007de800000,0x00000007def80000)
 ParOldGen       total 86016K, used 2994K [0x0000000781c00000, 0x0000000787000000, 0x00000007d5e80000)
  object space 86016K, 3% used [0x0000000781c00000,0x0000000781eecb38,0x0000000787000000)
 PSPermGen       total 21504K, used 21406K [0x000000077ca00000, 0x000000077df00000, 0x0000000781c00000)
  object space 21504K, 99% used [0x000000077ca00000,0x000000077dee7bb8,0x000000077df00000)
Event: 2.277 GC heap after
Heap after GC invocations=6 (full 0):
 PSYoungGen      total 139264K, used 7677K [0x00000007d5e80000, 0x00000007df280000, 0x0000000800000000)
  eden space 131584K, 0% used [0x00000007d5e80000,0x00000007d5e80000,0x00000007ddf00000)
  from space 7680K, 99% used [0x00000007de800000,0x00000007def7f7a0,0x00000007def80000)
  to   space 9216K, 0% used [0x00000007ddf00000,0x00000007ddf00000,0x00000007de800000)
 ParOldGen       total 86016K, used 3897K [0x0000000781c00000, 0x0000000787000000, 0x00000007d5e80000)
  object space 86016K, 4% used [0x0000000781c00000,0x0000000781fce550,0x0000000787000000)
 PSPermGen       total 21504K, used 21406K [0x000000077ca00000, 0x000000077df00000, 0x0000000781c00000)
  object space 21504K, 99% used [0x000000077ca00000,0x000000077dee7bb8,0x000000077df00000)
}
Event: 3.026 GC heap before
{Heap before GC invocations=7 (full 0):
 PSYoungGen      total 139264K, used 139261K [0x00000007d5e80000, 0x00000007df280000, 0x0000000800000000)
  eden space 131584K, 100% used [0x00000007d5e80000,0x00000007ddf00000,0x00000007ddf00000)
  from space 7680K, 99% used [0x00000007de800000,0x00000007def7f7a0,0x00000007def80000)
  to   space 9216K, 0% used [0x00000007ddf00000,0x00000007ddf00000,0x00000007de800000)
 ParOldGen       total 86016K, used 3897K [0x0000000781c00000, 0x0000000787000000, 0x00000007d5e80000)
  object space 86016K, 4% used [0x0000000781c00000,0x0000000781fce550,0x0000000787000000)
 PSPermGen       total 25088K, used 24705K [0x000000077ca00000, 0x000000077e280000, 0x0000000781c00000)
  object space 25088K, 98% used [0x000000077ca00000,0x000000077e220520,0x000000077e280000)
Event: 3.036 GC heap after
Heap after GC invocations=7 (full 0):
 PSYoungGen      total 140800K, used 9186K [0x00000007d5e80000, 0x00000007e7780000, 0x0000000800000000)
  eden space 131584K, 0% used [0x00000007d5e80000,0x00000007d5e80000,0x00000007ddf00000)
  from space 9216K, 99% used [0x00000007ddf00000,0x00000007de7f8970,0x00000007de800000)
  to   space 12288K, 0% used [0x00000007e6b80000,0x00000007e6b80000,0x00000007e7780000)
 ParOldGen       total 86016K, used 6990K [0x0000000781c00000, 0x0000000787000000, 0x00000007d5e80000)
  object space 86016K, 8% used [0x0000000781c00000,0x00000007822d39d0,0x0000000787000000)
 PSPermGen       total 25088K, used 24705K [0x000000077ca00000, 0x000000077e280000, 0x0000000781c00000)
  object space 25088K, 98% used [0x000000077ca00000,0x000000077e220520,0x000000077e280000)
}

Deoptimization events (10 events):
Event: 3.446 Thread 0x0000000001d2d000 Uncommon trap: reason=range_check action=none pc=0x0000000002b65424 method=sun.reflect.generics.parser.SignatureParser.current()C @ 34
Event: 3.451 Thread 0x0000000001d2d000 Uncommon trap: reason=range_check action=none pc=0x0000000002b65424 method=sun.reflect.generics.parser.SignatureParser.current()C @ 34
Event: 3.451 Thread 0x0000000001d2d000 Uncommon trap: reason=range_check action=none pc=0x0000000002b65424 method=sun.reflect.generics.parser.SignatureParser.current()C @ 34
Event: 3.455 Thread 0x0000000001d2d000 Uncommon trap: reason=unloaded action=reinterpret pc=0x0000000002ced350 method=org.aspectj.apache.bcel.classfile.Attribute.readAttribute(Ljava/io/DataInputStream;Lorg/aspectj/apache/bcel/classfile/ConstantPool;)Lorg/aspectj/apache/bcel/classfile/Attribute;o T)Ø@
Event: 3.461 Thread 0x0000000001d2d000 Uncommon trap: reason=range_check action=none pc=0x0000000002b65424 method=sun.reflect.generics.parser.SignatureParser.current()C @ 34
Event: 3.461 Thread 0x0000000001d2d000 Uncommon trap: reason=range_check action=none pc=0x0000000002b65424 method=sun.reflect.generics.parser.SignatureParser.current()C @ 34
Event: 3.462 Thread 0x0000000001d2d000 Uncommon trap: reason=range_check action=none pc=0x0000000002b65424 method=sun.reflect.generics.parser.SignatureParser.current()C @ 34
Event: 3.465 Thread 0x0000000001d2d000 Uncommon trap: reason=range_check action=none pc=0x0000000002b65424 method=sun.reflect.generics.parser.SignatureParser.current()C @ 34
Event: 3.488 Thread 0x0000000001d2d000 Uncommon trap: reason=range_check action=none pc=0x0000000002b65424 method=sun.reflect.generics.parser.SignatureParser.current()C @ 34
Event: 3.488 Thread 0x0000000001d2d000 Uncommon trap: reason=range_check action=none pc=0x0000000002b65424 method=sun.reflect.generics.parser.SignatureParser.current()C @ 34

Internal exceptions (10 events):
Event: 3.506 Thread 0x0000000001d2d000 Threw 0x00000007da669310 at C:\re\jdk7u71\1605\hotspot\src\share\vm\prims\jvm.cpp:1281
Event: 3.506 Thread 0x0000000001d2d000 Threw 0x00000007da689ab0 at C:\re\jdk7u71\1605\hotspot\src\share\vm\prims\jvm.cpp:1281
Event: 3.506 Thread 0x0000000001d2d000 Threw 0x00000007da68a950 at C:\re\jdk7u71\1605\hotspot\src\share\vm\prims\jvm.cpp:1281
Event: 3.507 Thread 0x0000000001d2d000 Threw 0x00000007da6ab0f0 at C:\re\jdk7u71\1605\hotspot\src\share\vm\prims\jvm.cpp:1281
Event: 3.507 Thread 0x0000000001d2d000 Threw 0x00000007da6ab570 at C:\re\jdk7u71\1605\hotspot\src\share\vm\classfile\systemDictionary.cpp:185
Event: 3.507 Thread 0x0000000001d2d000 Threw 0x00000007da6af910 at C:\re\jdk7u71\1605\hotspot\src\share\vm\prims\jvm.cpp:1281
Event: 3.507 Thread 0x0000000001d2d000 Threw 0x00000007da6c6250 at C:\re\jdk7u71\1605\hotspot\src\share\vm\prims\jvm.cpp:1281
Event: 3.507 Thread 0x0000000001d2d000 Threw 0x00000007da6c6e80 at C:\re\jdk7u71\1605\hotspot\src\share\vm\prims\jvm.cpp:1281
Event: 3.507 Thread 0x0000000001d2d000 Threw 0x00000007da6dd7c0 at C:\re\jdk7u71\1605\hotspot\src\share\vm\prims\jvm.cpp:1281
Event: 3.507 Thread 0x0000000001d2d000 Threw 0x00000007da6ddbd8 at C:\re\jdk7u71\1605\hotspot\src\share\vm\classfile\systemDictionary.cpp:185

Events (10 events):
Event: 3.507 Thread 0x0000000001d2d000 DEOPT PACKING pc=0x0000000002c4f0fc sp=0x0000000002abbbf0
Event: 3.507 Thread 0x0000000001d2d000 DEOPT UNPACKING pc=0x0000000002af92b9 sp=0x0000000002abb8c8 mode 1
Event: 3.507 loading class 0x000000000df721b0
Event: 3.507 loading class 0x000000000df721b0 done
Event: 3.507 Thread 0x0000000001d2d000 DEOPT PACKING pc=0x0000000002c2201c sp=0x0000000002abbac0
Event: 3.507 Thread 0x0000000001d2d000 DEOPT UNPACKING pc=0x0000000002af92b9 sp=0x0000000002abb708 mode 1
Event: 3.507 Thread 0x0000000001d2d000 DEOPT PACKING pc=0x0000000002c4f0fc sp=0x0000000002abbb90
Event: 3.507 Thread 0x0000000001d2d000 DEOPT UNPACKING pc=0x0000000002af92b9 sp=0x0000000002abb868 mode 1
Event: 3.507 loading class 0x000000000df721b0
Event: 3.507 loading class 0x000000000df721b0 done


Dynamic libraries:
0x000000013fdf0000 - 0x000000013fe23000 	D:\Java\jdk1.7.0_71\bin\javaw.exe
0x0000000077510000 - 0x00000000776b9000 	C:\Windows\SYSTEM32\ntdll.dll
0x00000000772f0000 - 0x000000007740f000 	C:\Windows\system32\kernel32.dll
0x000007fefd680000 - 0x000007fefd6eb000 	C:\Windows\system32\KERNELBASE.dll
0x000007fefeff0000 - 0x000007feff0cb000 	C:\Windows\system32\ADVAPI32.dll
0x000007fefd9e0000 - 0x000007fefda7f000 	C:\Windows\system32\msvcrt.dll
0x000007feff4b0000 - 0x000007feff4cf000 	C:\Windows\SYSTEM32\sechost.dll
0x000007fefdc70000 - 0x000007fefdd9d000 	C:\Windows\system32\RPCRT4.dll
0x0000000077410000 - 0x000000007750a000 	C:\Windows\system32\USER32.dll
0x000007feff4d0000 - 0x000007feff537000 	C:\Windows\system32\GDI32.dll
0x000007feff540000 - 0x000007feff54e000 	C:\Windows\system32\LPK.dll
0x000007fefda80000 - 0x000007fefdb49000 	C:\Windows\system32\USP10.dll
0x000007fefbec0000 - 0x000007fefc0b4000 	C:\Windows\WinSxS\amd64_microsoft.windows.common-controls_6595b64144ccf1df_6.0.7601.17514_none_fa396087175ac9ac\COMCTL32.dll
0x000007fefd960000 - 0x000007fefd9d1000 	C:\Windows\system32\SHLWAPI.dll
0x000007fefed80000 - 0x000007fefedae000 	C:\Windows\system32\IMM32.DLL
0x000007fefdb50000 - 0x000007fefdc59000 	C:\Windows\system32\MSCTF.dll
0x000007fefd490000 - 0x000007fefd4fe000 	C:\Windows\system32\dtrampo.dll
0x000007fefb270000 - 0x000007fefb273000 	C:\Windows\system32\api-ms-win-core-synch-l1-2-0.DLL
0x00000000710c0000 - 0x0000000071192000 	D:\Java\jdk1.7.0_71\jre\bin\msvcr100.dll
0x00000000708e0000 - 0x00000000710b3000 	D:\Java\jdk1.7.0_71\jre\bin\server\jvm.dll
0x000007fefa030000 - 0x000007fefa039000 	C:\Windows\system32\WSOCK32.dll
0x000007fefdfa0000 - 0x000007fefdfed000 	C:\Windows\system32\WS2_32.dll
0x000007fefdc60000 - 0x000007fefdc68000 	C:\Windows\system32\NSI.dll
0x000007fefb390000 - 0x000007fefb3cb000 	C:\Windows\system32\WINMM.dll
0x00000000776d0000 - 0x00000000776d7000 	C:\Windows\system32\PSAPI.DLL
0x00000000708d0000 - 0x00000000708df000 	D:\Java\jdk1.7.0_71\jre\bin\verify.dll
0x00000000708a0000 - 0x00000000708c8000 	D:\Java\jdk1.7.0_71\jre\bin\java.dll
0x000000006c7c0000 - 0x000000006c7f5000 	D:\Java\jdk1.7.0_71\jre\bin\jdwp.dll
0x000000006cc00000 - 0x000000006cc08000 	D:\Java\jdk1.7.0_71\jre\bin\npt.dll
0x0000000070880000 - 0x0000000070895000 	D:\Java\jdk1.7.0_71\jre\bin\zip.dll
0x000000006cbf0000 - 0x000000006cbf9000 	D:\Java\jdk1.7.0_71\jre\bin\dt_socket.dll
0x000007fefb870000 - 0x000007fefb885000 	C:\Windows\system32\NLAapi.dll
0x000007fefa0a0000 - 0x000007fefa0b5000 	C:\Windows\system32\napinsp.dll
0x000007fefa080000 - 0x000007fefa099000 	C:\Windows\system32\pnrpnsp.dll
0x000007fefcc20000 - 0x000007fefcc75000 	C:\Windows\System32\mswsock.dll
0x000007fefcaa0000 - 0x000007fefcafb000 	C:\Windows\system32\DNSAPI.dll
0x000007fefa070000 - 0x000007fefa07b000 	C:\Windows\System32\winrnr.dll
0x000007fefaf40000 - 0x000007fefaf67000 	C:\Windows\system32\IPHLPAPI.DLL
0x000007fefaf20000 - 0x000007fefaf2b000 	C:\Windows\system32\WINNSI.DLL
0x000007fefae20000 - 0x000007fefae73000 	C:\Windows\System32\fwpuclnt.dll
0x000007fefa060000 - 0x000007fefa068000 	C:\Windows\system32\rasadhlp.dll
0x000007fefc620000 - 0x000007fefc627000 	C:\Windows\System32\wshtcpip.dll
0x0000000070860000 - 0x0000000070879000 	D:\Java\jdk1.7.0_71\jre\bin\net.dll
0x000007fefcc10000 - 0x000007fefcc17000 	C:\Windows\System32\wship6.dll
0x0000000070840000 - 0x0000000070851000 	D:\Java\jdk1.7.0_71\jre\bin\nio.dll
0x000007fefadb0000 - 0x000007fefadc1000 	C:\Windows\system32\dhcpcsvc6.DLL
0x000007fefad90000 - 0x000007fefada8000 	C:\Windows\system32\dhcpcsvc.DLL
0x00000000701e0000 - 0x00000000701eb000 	D:\Java\jdk1.7.0_71\jre\bin\management.dll

VM Arguments:
jvm_args: -agentlib:jdwp=transport=dt_socket,suspend=y,address=localhost:62152 -Dfile.encoding=UTF-8 
java_command: com.aarony.cloud.zuul.Application
Launcher Type: SUN_STANDARD

Environment Variables:
JAVA_HOME=D:\Java\jdk1.7.0_71
JRE_HOME=D:\Java\jdk1.7.0_71\jre
PATH=D:\Java\jdk1.7.0_71\jre\bin;C:\Windows\system32;C:\Windows;C:\Windows\System32\Wbem;C:\Windows\System32\WindowsPowerShell\v1.0\;D:\Java\jdk1.7.0_71\bin;D:\Java\jdk1.7.0_71\jre;D:\apache-maven-3.3.9\bin;D:\apache-tomcat-7.0.68\bin;D:\Program Files\TortoiseSVN\bin;D:\nexus-2.14.5-02-bundle\nexus-2.14.5-02\bin
USERNAME=user100
OS=Windows_NT
PROCESSOR_IDENTIFIER=Intel64 Family 6 Model 94 Stepping 3, GenuineIntel



---------------  S Y S T E M  ---------------

OS: Windows 7 , 64 bit Build 7601 Service Pack 1

CPU:total 4 (4 cores per cpu, 1 threads per core) family 6 model 94 stepping 3, cmov, cx8, fxsr, mmx, sse, sse2, sse3, ssse3, sse4.1, sse4.2, popcnt, avx, avx2, aes, erms, tsc, tscinvbit

Memory: 4k page, physical 8266772k(1156748k free), swap 8264928k(5588k free)

vm_info: Java HotSpot(TM) 64-Bit Server VM (24.71-b01) for windows-amd64 JRE (1.7.0_71-b14), built on Sep 26 2014 16:16:12 by "java_re" with unknown MS VC++:1600

time: Tue Nov 07 10:37:55 2017
elapsed time: 3 seconds

