#
# There is insufficient memory for the Java Runtime Environment to continue.
# Native memory allocation (malloc) failed to allocate 509616 bytes for Chunk::new
# Possible reasons:
#   The system is out of physical RAM or swap space
#   In 32 bit mode, the process size limit was hit
# Possible solutions:
#   Reduce memory load on the system
#   Increase physical memory or swap space
#   Check if swap backing store is full
#   Use 64 bit Java on a 64 bit OS
#   Decrease Java heap size (-Xmx/-Xms)
#   Decrease number of Java threads
#   Decrease Java thread stack sizes (-Xss)
#   Set larger code cache with -XX:ReservedCodeCacheSize=
# This output file may be truncated or incomplete.
#
#  Out of Memory Error (allocation.cpp:323), pid=6260, tid=7128
#
# JRE version: Java(TM) SE Runtime Environment (7.0_71-b14) (build 1.7.0_71-b14)
# Java VM: Java HotSpot(TM) 64-Bit Server VM (24.71-b01 mixed mode windows-amd64 compressed oops)
# Failed to write core dump. Minidumps are not enabled by default on client versions of Windows
#

---------------  T H R E A D  ---------------

Current thread (0x000000000c422000):  JavaThread "C2 CompilerThread1" daemon [_thread_in_native, id=7128, stack(0x000000000cb40000,0x000000000cc40000)]

Stack: [0x000000000cb40000,0x000000000cc40000]
[error occurred during error reporting (printing stack bounds), id 0xc0000005]


Current CompileTask:
C2:   6537  478             org.springframework.asm.Frame::execute (2252 bytes)


---------------  P R O C E S S  ---------------

Java Threads: ( => current thread )
  0x000000000c424000 JavaThread "Service Thread" daemon [_thread_blocked, id=3944, stack(0x000000000d650000,0x000000000d750000)]
=>0x000000000c422000 JavaThread "C2 CompilerThread1" daemon [_thread_in_native, id=7128, stack(0x000000000cb40000,0x000000000cc40000)]
  0x000000000c416000 JavaThread "C2 CompilerThread0" daemon [_thread_in_native, id=2608, stack(0x000000000d480000,0x000000000d580000)]
  0x000000000c409800 JavaThread "JDWP Command Reader" daemon [_thread_in_native, id=4868, stack(0x000000000c910000,0x000000000ca10000)]
  0x000000000c3fd000 JavaThread "JDWP Event Helper Thread" daemon [_thread_blocked, id=4340, stack(0x000000000d280000,0x000000000d380000)]
  0x000000000af9c800 JavaThread "JDWP Transport Listener: dt_socket" daemon [_thread_blocked, id=5312, stack(0x000000000cf00000,0x000000000d000000)]
  0x000000000c3f3800 JavaThread "Attach Listener" daemon [_thread_blocked, id=6332, stack(0x000000000ca40000,0x000000000cb40000)]
  0x000000000c3f2800 JavaThread "Signal Dispatcher" daemon [_thread_blocked, id=4664, stack(0x000000000c7f0000,0x000000000c8f0000)]
  0x000000000af2c000 JavaThread "Finalizer" daemon [_thread_blocked, id=648, stack(0x000000000c2e0000,0x000000000c3e0000)]
  0x000000000af25000 JavaThread "Reference Handler" daemon [_thread_blocked, id=6376, stack(0x000000000c170000,0x000000000c270000)]
  0x000000000203e000 JavaThread "main" [_thread_in_vm, id=6712, stack(0x0000000002930000,0x0000000002a30000)]

Other Threads:
  0x000000000af21800 VMThread [stack: 0x000000000c020000,0x000000000c120000] [id=8180]
  0x000000000c4df800 WatcherThread [stack: 0x000000000d8d0000,0x000000000d9d0000] [id=7532]

VM state:not at safepoint (normal execution)

VM Mutex/Monitor currently owned by a thread: None

Heap
 PSYoungGen      total 141312K, used 52758K [0x00000007d5e80000, 0x00000007e7780000, 0x0000000800000000)
  eden space 132096K, 32% used [0x00000007d5e80000,0x00000007d890af68,0x00000007ddf80000)
  from space 9216K, 99% used [0x00000007ddf80000,0x00000007de87a8b0,0x00000007de880000)
  to   space 11776K, 0% used [0x00000007e6c00000,0x00000007e6c00000,0x00000007e7780000)
 ParOldGen       total 86016K, used 6625K [0x0000000781c00000, 0x0000000787000000, 0x00000007d5e80000)
  object space 86016K, 7% used [0x0000000781c00000,0x00000007822786c8,0x0000000787000000)
 PSPermGen       total 25600K, used 25141K [0x000000077ca00000, 0x000000077e300000, 0x0000000781c00000)
  object space 25600K, 98% used [0x000000077ca00000,0x000000077e28d758,0x000000077e300000)

Card table byte_map: [0x0000000005af0000,0x0000000005f10000] byte_map_base: 0x0000000001f0b000

Polling page: 0x0000000000130000

Code Cache  [0x0000000002a30000, 0x0000000002ca0000, 0x0000000005a30000)
 total_blobs=777 nmethods=455 adapters=281 free_code_cache=47352Kb largest_free_block=48437504

Compilation events (10 events):
Event: 6.511 Thread 0x000000000c416000 nmethod 477 0x0000000002bf9e50 code [0x0000000002bfa100, 0x0000000002bfc6a8]
Event: 6.511 Thread 0x000000000c416000  479             org.springframework.asm.MethodWriter::visitFrame (233 bytes)
Event: 6.523 Thread 0x000000000c416000 nmethod 479 0x0000000002be5cd0 code [0x0000000002be5e60, 0x0000000002be6848]
Event: 6.523 Thread 0x000000000c416000  480             org.springframework.asm.Frame::push (110 bytes)
Event: 6.526 Thread 0x000000000c416000 nmethod 480 0x0000000002be55d0 code [0x0000000002be5720, 0x0000000002be5af8]
Event: 6.526 Thread 0x000000000c416000  481             org.springframework.asm.Item::<init> (66 bytes)
Event: 6.527 Thread 0x000000000c416000 nmethod 481 0x0000000002be7490 code [0x0000000002be75c0, 0x0000000002be76b8]
Event: 6.527 Thread 0x000000000c416000  482             org.springframework.asm.ClassWriter::newUTF8 (70 bytes)
Event: 6.531 Thread 0x000000000c416000 nmethod 482 0x0000000002be8250 code [0x0000000002be8400, 0x0000000002be8960]
Event: 6.536 Thread 0x000000000c416000  483             org.springframework.asm.MethodWriter::visitMaxs (1144 bytes)

GC Heap History (10 events):
Event: 4.014 GC heap before
{Heap before GC invocations=3 (full 0):
 PSYoungGen      total 38400K, used 37409K [0x00000007d5e80000, 0x00000007d8900000, 0x0000000800000000)
  eden space 33280K, 100% used [0x00000007d5e80000,0x00000007d7f00000,0x00000007d7f00000)
  from space 5120K, 80% used [0x00000007d8400000,0x00000007d88085d8,0x00000007d8900000)
  to   space 5120K, 0% used [0x00000007d7f00000,0x00000007d7f00000,0x00000007d8400000)
 ParOldGen       total 86016K, used 16K [0x0000000781c00000, 0x0000000787000000, 0x00000007d5e80000)
  object space 86016K, 0% used [0x0000000781c00000,0x0000000781c04000,0x0000000787000000)
 PSPermGen       total 21504K, used 12931K [0x000000077ca00000, 0x000000077df00000, 0x0000000781c00000)
  object space 21504K, 60% used [0x000000077ca00000,0x000000077d6a0f88,0x000000077df00000)
Event: 4.020 GC heap after
Heap after GC invocations=3 (full 0):
 PSYoungGen      total 38400K, used 5107K [0x00000007d5e80000, 0x00000007da980000, 0x0000000800000000)
  eden space 33280K, 0% used [0x00000007d5e80000,0x00000007d5e80000,0x00000007d7f00000)
  from space 5120K, 99% used [0x00000007d7f00000,0x00000007d83fcdb0,0x00000007d8400000)
  to   space 5120K, 0% used [0x00000007da480000,0x00000007da480000,0x00000007da980000)
 ParOldGen       total 86016K, used 606K [0x0000000781c00000, 0x0000000787000000, 0x00000007d5e80000)
  object space 86016K, 0% used [0x0000000781c00000,0x0000000781c97830,0x0000000787000000)
 PSPermGen       total 21504K, used 12931K [0x000000077ca00000, 0x000000077df00000, 0x0000000781c00000)
  object space 21504K, 60% used [0x000000077ca00000,0x000000077d6a0f88,0x000000077df00000)
}
Event: 4.220 GC heap before
{Heap before GC invocations=4 (full 0):
 PSYoungGen      total 38400K, used 38387K [0x00000007d5e80000, 0x00000007da980000, 0x0000000800000000)
  eden space 33280K, 100% used [0x00000007d5e80000,0x00000007d7f00000,0x00000007d7f00000)
  from space 5120K, 99% used [0x00000007d7f00000,0x00000007d83fcdb0,0x00000007d8400000)
  to   space 5120K, 0% used [0x00000007da480000,0x00000007da480000,0x00000007da980000)
 ParOldGen       total 86016K, used 606K [0x0000000781c00000, 0x0000000787000000, 0x00000007d5e80000)
  object space 86016K, 0% used [0x0000000781c00000,0x0000000781c97830,0x0000000787000000)
 PSPermGen       total 21504K, used 16191K [0x000000077ca00000, 0x000000077df00000, 0x0000000781c00000)
  object space 21504K, 75% used [0x000000077ca00000,0x000000077d9cff20,0x000000077df00000)
Event: 4.228 GC heap after
Heap after GC invocations=4 (full 0):
 PSYoungGen      total 71680K, used 5098K [0x00000007d5e80000, 0x00000007da980000, 0x0000000800000000)
  eden space 66560K, 0% used [0x00000007d5e80000,0x00000007d5e80000,0x00000007d9f80000)
  from space 5120K, 99% used [0x00000007da480000,0x00000007da97ab88,0x00000007da980000)
  to   space 5120K, 0% used [0x00000007d9f80000,0x00000007d9f80000,0x00000007da480000)
 ParOldGen       total 86016K, used 1216K [0x0000000781c00000, 0x0000000787000000, 0x00000007d5e80000)
  object space 86016K, 1% used [0x0000000781c00000,0x0000000781d303a8,0x0000000787000000)
 PSPermGen       total 21504K, used 16191K [0x000000077ca00000, 0x000000077df00000, 0x0000000781c00000)
  object space 21504K, 75% used [0x000000077ca00000,0x000000077d9cff20,0x000000077df00000)
}
Event: 4.598 GC heap before
{Heap before GC invocations=5 (full 0):
 PSYoungGen      total 71680K, used 71658K [0x00000007d5e80000, 0x00000007da980000, 0x0000000800000000)
  eden space 66560K, 100% used [0x00000007d5e80000,0x00000007d9f80000,0x00000007d9f80000)
  from space 5120K, 99% used [0x00000007da480000,0x00000007da97ab88,0x00000007da980000)
  to   space 5120K, 0% used [0x00000007d9f80000,0x00000007d9f80000,0x00000007da480000)
 ParOldGen       total 86016K, used 1216K [0x0000000781c00000, 0x0000000787000000, 0x00000007d5e80000)
  object space 86016K, 1% used [0x0000000781c00000,0x0000000781d303a8,0x0000000787000000)
 PSPermGen       total 21504K, used 20117K [0x000000077ca00000, 0x000000077df00000, 0x0000000781c00000)
  object space 21504K, 93% used [0x000000077ca00000,0x000000077dda5498,0x000000077df00000)
Event: 4.610 GC heap after
Heap after GC invocations=5 (full 0):
 PSYoungGen      total 71680K, used 5094K [0x00000007d5e80000, 0x00000007df080000, 0x0000000800000000)
  eden space 66560K, 0% used [0x00000007d5e80000,0x00000007d5e80000,0x00000007d9f80000)
  from space 5120K, 99% used [0x00000007d9f80000,0x00000007da479b00,0x00000007da480000)
  to   space 8192K, 0% used [0x00000007de880000,0x00000007de880000,0x00000007df080000)
 ParOldGen       total 86016K, used 3609K [0x0000000781c00000, 0x0000000787000000, 0x00000007d5e80000)
  object space 86016K, 4% used [0x0000000781c00000,0x0000000781f866b8,0x0000000787000000)
 PSPermGen       total 21504K, used 20117K [0x000000077ca00000, 0x000000077df00000, 0x0000000781c00000)
  object space 21504K, 93% used [0x000000077ca00000,0x000000077dda5498,0x000000077df00000)
}
Event: 5.196 GC heap before
{Heap before GC invocations=6 (full 0):
 PSYoungGen      total 71680K, used 71654K [0x00000007d5e80000, 0x00000007df080000, 0x0000000800000000)
  eden space 66560K, 100% used [0x00000007d5e80000,0x00000007d9f80000,0x00000007d9f80000)
  from space 5120K, 99% used [0x00000007d9f80000,0x00000007da479b00,0x00000007da480000)
  to   space 8192K, 0% used [0x00000007de880000,0x00000007de880000,0x00000007df080000)
 ParOldGen       total 86016K, used 3609K [0x0000000781c00000, 0x0000000787000000, 0x00000007d5e80000)
  object space 86016K, 4% used [0x0000000781c00000,0x0000000781f866b8,0x0000000787000000)
 PSPermGen       total 21504K, used 21231K [0x000000077ca00000, 0x000000077df00000, 0x0000000781c00000)
  object space 21504K, 98% used [0x000000077ca00000,0x000000077debbd20,0x000000077df00000)
Event: 5.206 GC heap after
Heap after GC invocations=6 (full 0):
 PSYoungGen      total 140288K, used 8046K [0x00000007d5e80000, 0x00000007df280000, 0x0000000800000000)
  eden space 132096K, 0% used [0x00000007d5e80000,0x00000007d5e80000,0x00000007ddf80000)
  from space 8192K, 98% used [0x00000007de880000,0x00000007df05b9e8,0x00000007df080000)
  to   space 9216K, 0% used [0x00000007ddf80000,0x00000007ddf80000,0x00000007de880000)
 ParOldGen       total 86016K, used 3609K [0x0000000781c00000, 0x0000000787000000, 0x00000007d5e80000)
  object space 86016K, 4% used [0x0000000781c00000,0x0000000781f866b8,0x0000000787000000)
 PSPermGen       total 21504K, used 21231K [0x000000077ca00000, 0x000000077df00000, 0x0000000781c00000)
  object space 21504K, 98% used [0x000000077ca00000,0x000000077debbd20,0x000000077df00000)
}
Event: 6.102 GC heap before
{Heap before GC invocations=7 (full 0):
 PSYoungGen      total 140288K, used 140142K [0x00000007d5e80000, 0x00000007df280000, 0x0000000800000000)
  eden space 132096K, 100% used [0x00000007d5e80000,0x00000007ddf80000,0x00000007ddf80000)
  from space 8192K, 98% used [0x00000007de880000,0x00000007df05b9e8,0x00000007df080000)
  to   space 9216K, 0% used [0x00000007ddf80000,0x00000007ddf80000,0x00000007de880000)
 ParOldGen       total 86016K, used 3609K [0x0000000781c00000, 0x0000000787000000, 0x00000007d5e80000)
  object space 86016K, 4% used [0x0000000781c00000,0x0000000781f866b8,0x0000000787000000)
 PSPermGen       total 24064K, used 23592K [0x000000077ca00000, 0x000000077e180000, 0x0000000781c00000)
  object space 24064K, 98% used [0x000000077ca00000,0x000000077e10a238,0x000000077e180000)
Event: 6.115 GC heap after
Heap after GC invocations=7 (full 0):
 PSYoungGen      total 141312K, used 9194K [0x00000007d5e80000, 0x00000007e7780000, 0x0000000800000000)
  eden space 132096K, 0% used [0x00000007d5e80000,0x00000007d5e80000,0x00000007ddf80000)
  from space 9216K, 99% used [0x00000007ddf80000,0x00000007de87a8b0,0x00000007de880000)
  to   space 11776K, 0% used [0x00000007e6c00000,0x00000007e6c00000,0x00000007e7780000)
 ParOldGen       total 86016K, used 6625K [0x0000000781c00000, 0x0000000787000000, 0x00000007d5e80000)
  object space 86016K, 7% used [0x0000000781c00000,0x00000007822786c8,0x0000000787000000)
 PSPermGen       total 24064K, used 23592K [0x000000077ca00000, 0x000000077e180000, 0x0000000781c00000)
  object space 24064K, 98% used [0x000000077ca00000,0x000000077e10a238,0x000000077e180000)
}

Deoptimization events (10 events):
Event: 6.208 Thread 0x000000000203e000 Uncommon trap: reason=range_check action=none pc=0x0000000002ac7824 method=sun.reflect.generics.parser.SignatureParser.current()C @ 34
Event: 6.238 Thread 0x000000000203e000 Uncommon trap: reason=predicate action=maybe_recompile pc=0x0000000002bcfa1c method=org.springframework.core.type.classreading.AnnotationReadingVisitorUtils.convertClassValues(Ljava/lang/Object;Ljava/lang/ClassLoader;Lorg/springframework/core/annotation/Anizç
@
Event: 6.260 Thread 0x000000000203e000 Uncommon trap: reason=range_check action=none pc=0x0000000002ac7824 method=sun.reflect.generics.parser.SignatureParser.current()C @ 34
Event: 6.262 Thread 0x000000000203e000 Uncommon trap: reason=null_check action=make_not_entrant pc=0x0000000002bdc140 method=org.springframework.core.annotation.AnnotationUtils.getAttributeAliasMap(Ljava/lang/Class;)Ljava/util/Map; @ 17
Event: 6.273 Thread 0x000000000203e000 Uncommon trap: reason=range_check action=none pc=0x0000000002ac7824 method=sun.reflect.generics.parser.SignatureParser.current()C @ 34
Event: 6.273 Thread 0x000000000203e000 Uncommon trap: reason=range_check action=none pc=0x0000000002ac7824 method=sun.reflect.generics.parser.SignatureParser.current()C @ 34
Event: 6.285 Thread 0x000000000203e000 Uncommon trap: reason=unreached action=reinterpret pc=0x0000000002be1a9c method=org.springframework.core.type.classreading.AnnotationReadingVisitorUtils.convertClassValues(Ljava/lang/Object;Ljava/lang/ClassLoader;Lorg/springframework/core/annotation/Annotaæ©µ;$(@
Event: 6.289 Thread 0x000000000203e000 Uncommon trap: reason=range_check action=none pc=0x0000000002ac7824 method=sun.reflect.generics.parser.SignatureParser.current()C @ 34
Event: 6.293 Thread 0x000000000203e000 Uncommon trap: reason=range_check action=none pc=0x0000000002ac7824 method=sun.reflect.generics.parser.SignatureParser.current()C @ 34
Event: 6.402 Thread 0x000000000203e000 Uncommon trap: reason=unreached action=reinterpret pc=0x0000000002b627cc method=java.util.TreeMap.getEntry(Ljava/lang/Object;)Ljava/util/TreeMap$Entry; @ 4

Internal exceptions (10 events):
Event: 6.426 Thread 0x000000000203e000 Threw 0x00000007d7afa0a0 at C:\re\jdk7u71\1605\hotspot\src\share\vm\prims\jvm.cpp:1281
Event: 6.426 Thread 0x000000000203e000 Threw 0x00000007d7aff390 at C:\re\jdk7u71\1605\hotspot\src\share\vm\prims\jvm.cpp:1281
Event: 6.479 Thread 0x000000000203e000 Threw 0x00000007d81cf688 at C:\re\jdk7u71\1605\hotspot\src\share\vm\prims\jvm.cpp:1281
Event: 6.479 Thread 0x000000000203e000 Threw 0x00000007d81db160 at C:\re\jdk7u71\1605\hotspot\src\share\vm\prims\jvm.cpp:1281
Event: 6.479 Thread 0x000000000203e000 Threw 0x00000007d81db970 at C:\re\jdk7u71\1605\hotspot\src\share\vm\prims\jvm.cpp:1281
Event: 6.479 Thread 0x000000000203e000 Threw 0x00000007d81e7400 at C:\re\jdk7u71\1605\hotspot\src\share\vm\prims\jvm.cpp:1281
Event: 6.479 Thread 0x000000000203e000 Threw 0x00000007d81e7c98 at C:\re\jdk7u71\1605\hotspot\src\share\vm\prims\jvm.cpp:1281
Event: 6.480 Thread 0x000000000203e000 Threw 0x00000007d81f66f8 at C:\re\jdk7u71\1605\hotspot\src\share\vm\prims\jvm.cpp:1281
Event: 6.480 Thread 0x000000000203e000 Threw 0x00000007d81f7028 at C:\re\jdk7u71\1605\hotspot\src\share\vm\prims\jvm.cpp:1281
Event: 6.480 Thread 0x000000000203e000 Threw 0x00000007d8205a40 at C:\re\jdk7u71\1605\hotspot\src\share\vm\prims\jvm.cpp:1281

Events (10 events):
Event: 6.479 Thread 0x000000000203e000 DEOPT PACKING pc=0x0000000002b8286c sp=0x0000000002a2d730
Event: 6.479 Thread 0x000000000203e000 DEOPT UNPACKING pc=0x0000000002a692b9 sp=0x0000000002a2d368 mode 1
Event: 6.480 Thread 0x000000000203e000 DEOPT PACKING pc=0x0000000002acb060 sp=0x0000000002a2d7f0
Event: 6.480 Thread 0x000000000203e000 DEOPT UNPACKING pc=0x0000000002a692b9 sp=0x0000000002a2d4c8 mode 1
Event: 6.480 loading class 0x000000000dfef9e0
Event: 6.480 loading class 0x000000000dfef9e0 done
Event: 6.480 Thread 0x000000000203e000 DEOPT PACKING pc=0x0000000002b8286c sp=0x0000000002a2d730
Event: 6.480 Thread 0x000000000203e000 DEOPT UNPACKING pc=0x0000000002a692b9 sp=0x0000000002a2d368 mode 1
Event: 6.480 Thread 0x000000000203e000 DEOPT PACKING pc=0x0000000002acb060 sp=0x0000000002a2d7f0
Event: 6.480 Thread 0x000000000203e000 DEOPT UNPACKING pc=0x0000000002a692b9 sp=0x0000000002a2d4c8 mode 1


Dynamic libraries:
0x000000013f9b0000 - 0x000000013f9e3000 	D:\Java\jdk1.7.0_71\bin\javaw.exe
0x0000000077510000 - 0x00000000776b9000 	C:\Windows\SYSTEM32\ntdll.dll
0x00000000772f0000 - 0x000000007740f000 	C:\Windows\system32\kernel32.dll
0x000007fefd680000 - 0x000007fefd6eb000 	C:\Windows\system32\KERNELBASE.dll
0x000007fefeff0000 - 0x000007feff0cb000 	C:\Windows\system32\ADVAPI32.dll
0x000007fefd9e0000 - 0x000007fefda7f000 	C:\Windows\system32\msvcrt.dll
0x000007feff4b0000 - 0x000007feff4cf000 	C:\Windows\SYSTEM32\sechost.dll
0x000007fefdc70000 - 0x000007fefdd9d000 	C:\Windows\system32\RPCRT4.dll
0x0000000077410000 - 0x000000007750a000 	C:\Windows\system32\USER32.dll
0x000007feff4d0000 - 0x000007feff537000 	C:\Windows\system32\GDI32.dll
0x000007feff540000 - 0x000007feff54e000 	C:\Windows\system32\LPK.dll
0x000007fefda80000 - 0x000007fefdb49000 	C:\Windows\system32\USP10.dll
0x000007fefbec0000 - 0x000007fefc0b4000 	C:\Windows\WinSxS\amd64_microsoft.windows.common-controls_6595b64144ccf1df_6.0.7601.17514_none_fa396087175ac9ac\COMCTL32.dll
0x000007fefd960000 - 0x000007fefd9d1000 	C:\Windows\system32\SHLWAPI.dll
0x000007fefed80000 - 0x000007fefedae000 	C:\Windows\system32\IMM32.DLL
0x000007fefdb50000 - 0x000007fefdc59000 	C:\Windows\system32\MSCTF.dll
0x000007fefd490000 - 0x000007fefd4fe000 	C:\Windows\system32\dtrampo.dll
0x000007fefb270000 - 0x000007fefb273000 	C:\Windows\system32\api-ms-win-core-synch-l1-2-0.DLL
0x00000000710c0000 - 0x0000000071192000 	D:\Java\jdk1.7.0_71\jre\bin\msvcr100.dll
0x00000000708e0000 - 0x00000000710b3000 	D:\Java\jdk1.7.0_71\jre\bin\server\jvm.dll
0x000007fefa030000 - 0x000007fefa039000 	C:\Windows\system32\WSOCK32.dll
0x000007fefdfa0000 - 0x000007fefdfed000 	C:\Windows\system32\WS2_32.dll
0x000007fefdc60000 - 0x000007fefdc68000 	C:\Windows\system32\NSI.dll
0x000007fefb390000 - 0x000007fefb3cb000 	C:\Windows\system32\WINMM.dll
0x00000000776d0000 - 0x00000000776d7000 	C:\Windows\system32\PSAPI.DLL
0x00000000708d0000 - 0x00000000708df000 	D:\Java\jdk1.7.0_71\jre\bin\verify.dll
0x00000000708a0000 - 0x00000000708c8000 	D:\Java\jdk1.7.0_71\jre\bin\java.dll
0x000000005ddc0000 - 0x000000005ddf5000 	D:\Java\jdk1.7.0_71\jre\bin\jdwp.dll
0x000000006cc00000 - 0x000000006cc08000 	D:\Java\jdk1.7.0_71\jre\bin\npt.dll
0x0000000070880000 - 0x0000000070895000 	D:\Java\jdk1.7.0_71\jre\bin\zip.dll
0x000000006c8f0000 - 0x000000006c8f9000 	D:\Java\jdk1.7.0_71\jre\bin\dt_socket.dll
0x000007fefb870000 - 0x000007fefb885000 	C:\Windows\system32\NLAapi.dll
0x000007fefa0a0000 - 0x000007fefa0b5000 	C:\Windows\system32\napinsp.dll
0x000007fefa080000 - 0x000007fefa099000 	C:\Windows\system32\pnrpnsp.dll
0x000007fefcc20000 - 0x000007fefcc75000 	C:\Windows\System32\mswsock.dll
0x000007fefcaa0000 - 0x000007fefcafb000 	C:\Windows\system32\DNSAPI.dll
0x000007fefa070000 - 0x000007fefa07b000 	C:\Windows\System32\winrnr.dll
0x000007fefaf40000 - 0x000007fefaf67000 	C:\Windows\system32\IPHLPAPI.DLL
0x000007fefaf20000 - 0x000007fefaf2b000 	C:\Windows\system32\WINNSI.DLL
0x000007fefae20000 - 0x000007fefae73000 	C:\Windows\System32\fwpuclnt.dll
0x000007fefa060000 - 0x000007fefa068000 	C:\Windows\system32\rasadhlp.dll
0x000007fefc620000 - 0x000007fefc627000 	C:\Windows\System32\wshtcpip.dll
0x0000000070860000 - 0x0000000070879000 	D:\Java\jdk1.7.0_71\jre\bin\net.dll
0x000007fefcc10000 - 0x000007fefcc17000 	C:\Windows\System32\wship6.dll
0x0000000070840000 - 0x0000000070851000 	D:\Java\jdk1.7.0_71\jre\bin\nio.dll
0x000007fefadb0000 - 0x000007fefadc1000 	C:\Windows\system32\dhcpcsvc6.DLL
0x000007fefad90000 - 0x000007fefada8000 	C:\Windows\system32\dhcpcsvc.DLL
0x00000000701e0000 - 0x00000000701eb000 	D:\Java\jdk1.7.0_71\jre\bin\management.dll

VM Arguments:
jvm_args: -agentlib:jdwp=transport=dt_socket,suspend=y,address=localhost:53298 -Dfile.encoding=UTF-8 
java_command: com.aarony.cloud.config.Application
Launcher Type: SUN_STANDARD

Environment Variables:
JAVA_HOME=D:\Java\jdk1.7.0_71
JRE_HOME=D:\Java\jdk1.7.0_71\jre
PATH=D:\Java\jdk1.7.0_71\jre\bin;C:\Windows\system32;C:\Windows;C:\Windows\System32\Wbem;C:\Windows\System32\WindowsPowerShell\v1.0\;D:\Java\jdk1.7.0_71\bin;D:\Java\jdk1.7.0_71\jre;D:\apache-maven-3.3.9\bin;D:\apache-tomcat-7.0.68\bin;D:\Program Files\TortoiseSVN\bin;D:\nexus-2.14.5-02-bundle\nexus-2.14.5-02\bin
USERNAME=user100
OS=Windows_NT
PROCESSOR_IDENTIFIER=Intel64 Family 6 Model 94 Stepping 3, GenuineIntel



---------------  S Y S T E M  ---------------

OS: Windows 7 , 64 bit Build 7601 Service Pack 1

CPU:total 4 (4 cores per cpu, 1 threads per core) family 6 model 94 stepping 3, cmov, cx8, fxsr, mmx, sse, sse2, sse3, ssse3, sse4.1, sse4.2, popcnt, avx, avx2, aes, erms, tsc, tscinvbit

Memory: 4k page, physical 8266772k(799924k free), swap 8264928k(5540k free)

vm_info: Java HotSpot(TM) 64-Bit Server VM (24.71-b01) for windows-amd64 JRE (1.7.0_71-b14), built on Sep 26 2014 16:16:12 by "java_re" with unknown MS VC++:1600

time: Tue Nov 07 16:47:21 2017
elapsed time: 6 seconds

