#
# There is insufficient memory for the Java Runtime Environment to continue.
# Native memory allocation (malloc) failed to allocate 922448 bytes for Chunk::new
# Possible reasons:
#   The system is out of physical RAM or swap space
#   In 32 bit mode, the process size limit was hit
# Possible solutions:
#   Reduce memory load on the system
#   Increase physical memory or swap space
#   Check if swap backing store is full
#   Use 64 bit Java on a 64 bit OS
#   Decrease Java heap size (-Xmx/-Xms)
#   Decrease number of Java threads
#   Decrease Java thread stack sizes (-Xss)
#   Set larger code cache with -XX:ReservedCodeCacheSize=
# This output file may be truncated or incomplete.
#
#  Out of Memory Error (allocation.cpp:323), pid=9108, tid=4132
#
# JRE version: Java(TM) SE Runtime Environment (7.0_71-b14) (build 1.7.0_71-b14)
# Java VM: Java HotSpot(TM) 64-Bit Server VM (24.71-b01 mixed mode windows-amd64 compressed oops)
# Failed to write core dump. Minidumps are not enabled by default on client versions of Windows
#

---------------  T H R E A D  ---------------

Current thread (0x000000000c473800):  JavaThread "C2 CompilerThread1" daemon [_thread_in_native, id=4132, stack(0x000000000d540000,0x000000000d640000)]

Stack: [0x000000000d540000,0x000000000d640000]
[error occurred during error reporting (printing stack bounds), id 0xc0000005]


Current CompileTask:
C2:   6633  751             org.springframework.asm.ClassReader::readCode (3579 bytes)


---------------  P R O C E S S  ---------------

Java Threads: ( => current thread )
  0x000000000f335000 JavaThread "spring.cloud.inetutils" daemon [_thread_blocked, id=5796, stack(0x0000000010640000,0x0000000010740000)]
  0x000000000dcfa800 JavaThread "container-0" [_thread_blocked, id=9064, stack(0x0000000010480000,0x0000000010580000)]
  0x000000000ee01000 JavaThread "ContainerBackgroundProcessor[StandardEngine[Tomcat]]" daemon [_thread_blocked, id=1888, stack(0x0000000010240000,0x0000000010340000)]
  0x000000000e293800 JavaThread "localhost-startStop-1" daemon [_thread_blocked, id=5584, stack(0x000000000d390000,0x000000000d490000)]
  0x000000000e9bd000 JavaThread "Tomcat-startStop-1" daemon [_thread_blocked, id=3920, stack(0x000000000d770000,0x000000000d870000)]
  0x000000000c475800 JavaThread "Service Thread" daemon [_thread_blocked, id=1920, stack(0x000000000d670000,0x000000000d770000)]
=>0x000000000c473800 JavaThread "C2 CompilerThread1" daemon [_thread_in_native, id=4132, stack(0x000000000d540000,0x000000000d640000)]
  0x000000000c46f800 JavaThread "C2 CompilerThread0" daemon [_thread_in_native, id=8872, stack(0x000000000d270000,0x000000000d370000)]
  0x000000000c46c800 JavaThread "JDWP Command Reader" daemon [_thread_in_native, id=504, stack(0x000000000d140000,0x000000000d240000)]
  0x000000000c45e000 JavaThread "JDWP Event Helper Thread" daemon [_thread_blocked, id=4188, stack(0x000000000cf60000,0x000000000d060000)]
  0x000000000c452800 JavaThread "JDWP Transport Listener: dt_socket" daemon [_thread_blocked, id=5384, stack(0x000000000cd30000,0x000000000ce30000)]
  0x000000000c449000 JavaThread "Attach Listener" daemon [_thread_blocked, id=4740, stack(0x000000000c9d0000,0x000000000cad0000)]
  0x000000000c448800 JavaThread "Signal Dispatcher" daemon [_thread_blocked, id=5780, stack(0x000000000c020000,0x000000000c120000)]
  0x000000000af1e800 JavaThread "Finalizer" daemon [_thread_blocked, id=6316, stack(0x000000000c340000,0x000000000c440000)]
  0x000000000af17800 JavaThread "Reference Handler" daemon [_thread_blocked, id=4648, stack(0x000000000c1f0000,0x000000000c2f0000)]
  0x00000000026ad800 JavaThread "main" [_thread_in_Java, id=7356, stack(0x0000000002a10000,0x0000000002b10000)]

Other Threads:
  0x000000000af14800 VMThread [stack: 0x000000000bf10000,0x000000000c010000] [id=2948]
  0x000000000c4bd800 WatcherThread [stack: 0x000000000d880000,0x000000000d980000] [id=4636]

VM state:not at safepoint (normal execution)

VM Mutex/Monitor currently owned by a thread: None

Heap
 PSYoungGen      total 142336K, used 62527K [0x00000007d5e80000, 0x00000007e5600000, 0x0000000800000000)
  eden space 132096K, 39% used [0x00000007d5e80000,0x00000007d9194ef0,0x00000007ddf80000)
  from space 10240K, 99% used [0x00000007ddf80000,0x00000007de97afd8,0x00000007de980000)
  to   space 20992K, 0% used [0x00000007e4180000,0x00000007e4180000,0x00000007e5600000)
 ParOldGen       total 86016K, used 28759K [0x0000000781c00000, 0x0000000787000000, 0x00000007d5e80000)
  object space 86016K, 33% used [0x0000000781c00000,0x0000000783815f40,0x0000000787000000)
 PSPermGen       total 35328K, used 35205K [0x000000077ca00000, 0x000000077ec80000, 0x0000000781c00000)
  object space 35328K, 99% used [0x000000077ca00000,0x000000077ec614b8,0x000000077ec80000)

Card table byte_map: [0x0000000005b10000,0x0000000005f30000] byte_map_base: 0x0000000001f2b000

Polling page: 0x0000000000230000

Code Cache  [0x0000000002b10000, 0x0000000002dc0000, 0x0000000005b10000)
 total_blobs=1074 nmethods=730 adapters=303 free_code_cache=46474Kb largest_free_block=47536640

Compilation events (10 events):
Event: 6.620 Thread 0x000000000c46f800 nmethod 780 0x0000000002c61150 code [0x0000000002c61280, 0x0000000002c612f8]
Event: 6.620 Thread 0x000000000c46f800  781             java.lang.reflect.Proxy::isProxyClass (26 bytes)
Event: 6.622 Thread 0x000000000c46f800 nmethod 781 0x0000000002c60bd0 code [0x0000000002c60d40, 0x0000000002c60f18]
Event: 6.622 Thread 0x000000000c46f800  782             java.lang.ref.Reference::clear (6 bytes)
Event: 6.622 Thread 0x000000000c46f800 nmethod 782 0x0000000002c60910 code [0x0000000002c60a40, 0x0000000002c60a98]
Event: 6.622 Thread 0x000000000c46f800  783             java.io.FilterInputStream::<init> (10 bytes)
Event: 6.622 Thread 0x000000000c46f800 nmethod 783 0x0000000002da6090 code [0x0000000002da61c0, 0x0000000002da6278]
Event: 6.623 Thread 0x000000000c46f800  784             java.lang.reflect.AccessibleObject::isAnnotationPresent (14 bytes)
Event: 6.623 Thread 0x000000000c46f800 nmethod 784 0x0000000002d69d90 code [0x0000000002d69ee0, 0x0000000002d69f78]
Event: 6.623 Thread 0x000000000c46f800  785             com.sun.beans.TypeResolver::resolve (37 bytes)

GC Heap History (10 events):
Event: 3.496 GC heap before
{Heap before GC invocations=5 (full 0):
 PSYoungGen      total 71680K, used 71651K [0x00000007d5e80000, 0x00000007da980000, 0x0000000800000000)
  eden space 66560K, 100% used [0x00000007d5e80000,0x00000007d9f80000,0x00000007d9f80000)
  from space 5120K, 99% used [0x00000007da480000,0x00000007da978ec0,0x00000007da980000)
  to   space 5120K, 0% used [0x00000007d9f80000,0x00000007d9f80000,0x00000007da480000)
 ParOldGen       total 86016K, used 3198K [0x0000000781c00000, 0x0000000787000000, 0x00000007d5e80000)
  object space 86016K, 3% used [0x0000000781c00000,0x0000000781f1f8e8,0x0000000787000000)
 PSPermGen       total 23040K, used 22559K [0x000000077ca00000, 0x000000077e080000, 0x0000000781c00000)
  object space 23040K, 97% used [0x000000077ca00000,0x000000077e007f98,0x000000077e080000)
Event: 3.504 GC heap after
Heap after GC invocations=5 (full 0):
 PSYoungGen      total 71680K, used 5106K [0x00000007d5e80000, 0x00000007df280000, 0x0000000800000000)
  eden space 66560K, 0% used [0x00000007d5e80000,0x00000007d5e80000,0x00000007d9f80000)
  from space 5120K, 99% used [0x00000007d9f80000,0x00000007da47cb18,0x00000007da480000)
  to   space 9216K, 0% used [0x00000007de980000,0x00000007de980000,0x00000007df280000)
 ParOldGen       total 86016K, used 6136K [0x0000000781c00000, 0x0000000787000000, 0x00000007d5e80000)
  object space 86016K, 7% used [0x0000000781c00000,0x00000007821fe1b0,0x0000000787000000)
 PSPermGen       total 23040K, used 22559K [0x000000077ca00000, 0x000000077e080000, 0x0000000781c00000)
  object space 23040K, 97% used [0x000000077ca00000,0x000000077e007f98,0x000000077e080000)
}
Event: 3.848 GC heap before
{Heap before GC invocations=6 (full 0):
 PSYoungGen      total 71680K, used 71666K [0x00000007d5e80000, 0x00000007df280000, 0x0000000800000000)
  eden space 66560K, 100% used [0x00000007d5e80000,0x00000007d9f80000,0x00000007d9f80000)
  from space 5120K, 99% used [0x00000007d9f80000,0x00000007da47cb18,0x00000007da480000)
  to   space 9216K, 0% used [0x00000007de980000,0x00000007de980000,0x00000007df280000)
 ParOldGen       total 86016K, used 6136K [0x0000000781c00000, 0x0000000787000000, 0x00000007d5e80000)
  object space 86016K, 7% used [0x0000000781c00000,0x00000007821fe1b0,0x0000000787000000)
 PSPermGen       total 23552K, used 23548K [0x000000077ca00000, 0x000000077e100000, 0x0000000781c00000)
  object space 23552K, 99% used [0x000000077ca00000,0x000000077e0ff238,0x000000077e100000)
Event: 3.856 GC heap after
Heap after GC invocations=6 (full 0):
 PSYoungGen      total 141312K, used 8930K [0x00000007d5e80000, 0x00000007df480000, 0x0000000800000000)
  eden space 132096K, 0% used [0x00000007d5e80000,0x00000007d5e80000,0x00000007ddf80000)
  from space 9216K, 96% used [0x00000007de980000,0x00000007df238890,0x00000007df280000)
  to   space 10240K, 0% used [0x00000007ddf80000,0x00000007ddf80000,0x00000007de980000)
 ParOldGen       total 86016K, used 6136K [0x0000000781c00000, 0x0000000787000000, 0x00000007d5e80000)
  object space 86016K, 7% used [0x0000000781c00000,0x00000007821fe1b0,0x0000000787000000)
 PSPermGen       total 23552K, used 23548K [0x000000077ca00000, 0x000000077e100000, 0x0000000781c00000)
  object space 23552K, 99% used [0x000000077ca00000,0x000000077e0ff238,0x000000077e100000)
}
Event: 4.959 GC heap before
{Heap before GC invocations=7 (full 0):
 PSYoungGen      total 141312K, used 141026K [0x00000007d5e80000, 0x00000007df480000, 0x0000000800000000)
  eden space 132096K, 100% used [0x00000007d5e80000,0x00000007ddf80000,0x00000007ddf80000)
  from space 9216K, 96% used [0x00000007de980000,0x00000007df238890,0x00000007df280000)
  to   space 10240K, 0% used [0x00000007ddf80000,0x00000007ddf80000,0x00000007de980000)
 ParOldGen       total 86016K, used 6136K [0x0000000781c00000, 0x0000000787000000, 0x00000007d5e80000)
  object space 86016K, 7% used [0x0000000781c00000,0x00000007821fe1b0,0x0000000787000000)
 PSPermGen       total 29696K, used 29580K [0x000000077ca00000, 0x000000077e700000, 0x0000000781c00000)
  object space 29696K, 99% used [0x000000077ca00000,0x000000077e6e33a0,0x000000077e700000)
Event: 4.972 GC heap after
Heap after GC invocations=7 (full 0):
 PSYoungGen      total 142336K, used 10225K [0x00000007d5e80000, 0x00000007df480000, 0x0000000800000000)
  eden space 132096K, 0% used [0x00000007d5e80000,0x00000007d5e80000,0x00000007ddf80000)
  from space 10240K, 99% used [0x00000007ddf80000,0x00000007de97c420,0x00000007de980000)
  to   space 9216K, 0% used [0x00000007de980000,0x00000007de980000,0x00000007df280000)
 ParOldGen       total 86016K, used 11036K [0x0000000781c00000, 0x0000000787000000, 0x00000007d5e80000)
  object space 86016K, 12% used [0x0000000781c00000,0x00000007826c73f0,0x0000000787000000)
 PSPermGen       total 29696K, used 29580K [0x000000077ca00000, 0x000000077e700000, 0x0000000781c00000)
  object space 29696K, 99% used [0x000000077ca00000,0x000000077e6e33a0,0x000000077e700000)
}
Event: 5.743 GC heap before
{Heap before GC invocations=8 (full 0):
 PSYoungGen      total 142336K, used 142321K [0x00000007d5e80000, 0x00000007df480000, 0x0000000800000000)
  eden space 132096K, 100% used [0x00000007d5e80000,0x00000007ddf80000,0x00000007ddf80000)
  from space 10240K, 99% used [0x00000007ddf80000,0x00000007de97c420,0x00000007de980000)
  to   space 9216K, 0% used [0x00000007de980000,0x00000007de980000,0x00000007df280000)
 ParOldGen       total 86016K, used 11036K [0x0000000781c00000, 0x0000000787000000, 0x00000007d5e80000)
  object space 86016K, 12% used [0x0000000781c00000,0x00000007826c73f0,0x0000000787000000)
 PSPermGen       total 33792K, used 33423K [0x000000077ca00000, 0x000000077eb00000, 0x0000000781c00000)
  object space 33792K, 98% used [0x000000077ca00000,0x000000077eaa3d10,0x000000077eb00000)
Event: 5.756 GC heap after
Heap after GC invocations=8 (full 0):
 PSYoungGen      total 141312K, used 9200K [0x00000007d5e80000, 0x00000007df480000, 0x0000000800000000)
  eden space 132096K, 0% used [0x00000007d5e80000,0x00000007d5e80000,0x00000007ddf80000)
  from space 9216K, 99% used [0x00000007de980000,0x00000007df27c320,0x00000007df280000)
  to   space 10240K, 0% used [0x00000007ddf80000,0x00000007ddf80000,0x00000007de980000)
 ParOldGen       total 86016K, used 21867K [0x0000000781c00000, 0x0000000787000000, 0x00000007d5e80000)
  object space 86016K, 25% used [0x0000000781c00000,0x000000078315ac28,0x0000000787000000)
 PSPermGen       total 33792K, used 33423K [0x000000077ca00000, 0x000000077eb00000, 0x0000000781c00000)
  object space 33792K, 98% used [0x000000077ca00000,0x000000077eaa3d10,0x000000077eb00000)
}
Event: 6.422 GC heap before
{Heap before GC invocations=9 (full 0):
 PSYoungGen      total 141312K, used 141296K [0x00000007d5e80000, 0x00000007df480000, 0x0000000800000000)
  eden space 132096K, 100% used [0x00000007d5e80000,0x00000007ddf80000,0x00000007ddf80000)
  from space 9216K, 99% used [0x00000007de980000,0x00000007df27c320,0x00000007df280000)
  to   space 10240K, 0% used [0x00000007ddf80000,0x00000007ddf80000,0x00000007de980000)
 ParOldGen       total 86016K, used 21867K [0x0000000781c00000, 0x0000000787000000, 0x00000007d5e80000)
  object space 86016K, 25% used [0x0000000781c00000,0x000000078315ac28,0x0000000787000000)
 PSPermGen       total 35328K, used 34989K [0x000000077ca00000, 0x000000077ec80000, 0x0000000781c00000)
  object space 35328K, 99% used [0x000000077ca00000,0x000000077ec2b538,0x000000077ec80000)
Event: 6.431 GC heap after
Heap after GC invocations=9 (full 0):
 PSYoungGen      total 142336K, used 10219K [0x00000007d5e80000, 0x00000007e5600000, 0x0000000800000000)
  eden space 132096K, 0% used [0x00000007d5e80000,0x00000007d5e80000,0x00000007ddf80000)
  from space 10240K, 99% used [0x00000007ddf80000,0x00000007de97afd8,0x00000007de980000)
  to   space 20992K, 0% used [0x00000007e4180000,0x00000007e4180000,0x00000007e5600000)
 ParOldGen       total 86016K, used 28759K [0x0000000781c00000, 0x0000000787000000, 0x00000007d5e80000)
  object space 86016K, 33% used [0x0000000781c00000,0x0000000783815f40,0x0000000787000000)
 PSPermGen       total 35328K, used 34989K [0x000000077ca00000, 0x000000077ec80000, 0x0000000781c00000)
  object space 35328K, 99% used [0x000000077ca00000,0x000000077ec2b538,0x000000077ec80000)
}

Deoptimization events (10 events):
Event: 6.625 Thread 0x00000000026ad800 Uncommon trap: reason=unhandled action=none pc=0x0000000002c18ab4 method=java.net.URLClassLoader$1.run()Ljava/lang/Class; @ 72
Event: 6.627 Thread 0x00000000026ad800 Uncommon trap: reason=unhandled action=none pc=0x0000000002c18ab4 method=java.net.URLClassLoader$1.run()Ljava/lang/Class; @ 72
Event: 6.627 Thread 0x00000000026ad800 Uncommon trap: reason=unhandled action=none pc=0x0000000002c18ab4 method=java.net.URLClassLoader$1.run()Ljava/lang/Class; @ 72
Event: 6.627 Thread 0x00000000026ad800 Uncommon trap: reason=unhandled action=none pc=0x0000000002c18ab4 method=java.net.URLClassLoader$1.run()Ljava/lang/Class; @ 72
Event: 6.628 Thread 0x00000000026ad800 Uncommon trap: reason=unhandled action=none pc=0x0000000002c18ab4 method=java.net.URLClassLoader$1.run()Ljava/lang/Class; @ 72
Event: 6.628 Thread 0x00000000026ad800 Uncommon trap: reason=unhandled action=none pc=0x0000000002c18ab4 method=java.net.URLClassLoader$1.run()Ljava/lang/Class; @ 72
Event: 6.628 Thread 0x00000000026ad800 Uncommon trap: reason=unhandled action=none pc=0x0000000002c18ab4 method=java.net.URLClassLoader$1.run()Ljava/lang/Class; @ 72
Event: 6.632 Thread 0x00000000026ad800 Uncommon trap: reason=unhandled action=none pc=0x0000000002c18ab4 method=java.net.URLClassLoader$1.run()Ljava/lang/Class; @ 72
Event: 6.632 Thread 0x00000000026ad800 Uncommon trap: reason=unhandled action=none pc=0x0000000002c18ab4 method=java.net.URLClassLoader$1.run()Ljava/lang/Class; @ 72
Event: 6.632 Thread 0x00000000026ad800 Uncommon trap: reason=unhandled action=none pc=0x0000000002c18ab4 method=java.net.URLClassLoader$1.run()Ljava/lang/Class; @ 72

Internal exceptions (10 events):
Event: 6.627 Thread 0x00000000026ad800 Threw 0x00000007d9001b00 at C:\re\jdk7u71\1605\hotspot\src\share\vm\classfile\systemDictionary.cpp:185
Event: 6.627 Thread 0x00000000026ad800 Threw 0x00000007d9004130 at C:\re\jdk7u71\1605\hotspot\src\share\vm\prims\jvm.cpp:1281
Event: 6.628 Thread 0x00000000026ad800 Threw 0x00000007d901a430 at C:\re\jdk7u71\1605\hotspot\src\share\vm\prims\jvm.cpp:1281
Event: 6.628 Thread 0x00000000026ad800 Threw 0x00000007d901ae08 at C:\re\jdk7u71\1605\hotspot\src\share\vm\prims\jvm.cpp:1281
Event: 6.628 Thread 0x00000000026ad800 Threw 0x00000007d9031108 at C:\re\jdk7u71\1605\hotspot\src\share\vm\prims\jvm.cpp:1281
Event: 6.628 Thread 0x00000000026ad800 Threw 0x00000007d9031410 at C:\re\jdk7u71\1605\hotspot\src\share\vm\classfile\systemDictionary.cpp:185
Event: 6.632 Thread 0x00000000026ad800 Threw 0x00000007d90a68a8 at C:\re\jdk7u71\1605\hotspot\src\share\vm\prims\jvm.cpp:1281
Event: 6.632 Thread 0x00000000026ad800 Threw 0x00000007d90af670 at C:\re\jdk7u71\1605\hotspot\src\share\vm\prims\jvm.cpp:1281
Event: 6.632 Thread 0x00000000026ad800 Threw 0x00000007d90af8f8 at C:\re\jdk7u71\1605\hotspot\src\share\vm\classfile\systemDictionary.cpp:185
Event: 6.632 Thread 0x00000000026ad800 Threw 0x00000007d90b2158 at C:\re\jdk7u71\1605\hotspot\src\share\vm\prims\jvm.cpp:1281

Events (10 events):
Event: 6.632 Thread 0x00000000026ad800 DEOPT UNPACKING pc=0x0000000002b492b9 sp=0x0000000002b0da60 mode 1
Event: 6.632 loading class 0x000000000e15e2b0
Event: 6.632 loading class 0x000000000e15e2b0 done
Event: 6.632 loading class 0x000000000efad5c0
Event: 6.632 loading class 0x000000000efad5c0 done
Event: 6.632 Thread 0x00000000026ad800 Uncommon trap: trap_request=0xffffffa7 fr.pc=0x0000000002c18ab4
Event: 6.632 Thread 0x00000000026ad800 DEOPT PACKING pc=0x0000000002c18ab4 sp=0x0000000002b0d1c0
Event: 6.632 Thread 0x00000000026ad800 DEOPT UNPACKING pc=0x0000000002b475a4 sp=0x0000000002b0d1e8 mode 2
Event: 6.632 Thread 0x00000000026ad800 DEOPT PACKING pc=0x0000000002ca3758 sp=0x0000000002b0ddc0
Event: 6.632 Thread 0x00000000026ad800 DEOPT UNPACKING pc=0x0000000002b492b9 sp=0x0000000002b0d990 mode 1


Dynamic libraries:
0x000000013fbd0000 - 0x000000013fc03000 	D:\Java\jdk1.7.0_71\bin\javaw.exe
0x0000000076fb0000 - 0x0000000077159000 	C:\Windows\SYSTEM32\ntdll.dll
0x0000000076e90000 - 0x0000000076faf000 	C:\Windows\system32\kernel32.dll
0x000007fefcfb0000 - 0x000007fefd01b000 	C:\Windows\system32\KERNELBASE.dll
0x000007feff050000 - 0x000007feff12b000 	C:\Windows\system32\ADVAPI32.dll
0x000007fefe060000 - 0x000007fefe0ff000 	C:\Windows\system32\msvcrt.dll
0x000007fefeae0000 - 0x000007fefeaff000 	C:\Windows\SYSTEM32\sechost.dll
0x000007fefe3a0000 - 0x000007fefe4cd000 	C:\Windows\system32\RPCRT4.dll
0x0000000076d90000 - 0x0000000076e8a000 	C:\Windows\system32\USER32.dll
0x000007fefedf0000 - 0x000007fefee57000 	C:\Windows\system32\GDI32.dll
0x000007feff2b0000 - 0x000007feff2be000 	C:\Windows\system32\LPK.dll
0x000007feff130000 - 0x000007feff1f9000 	C:\Windows\system32\USP10.dll
0x000007fefb6d0000 - 0x000007fefb8c4000 	C:\Windows\WinSxS\amd64_microsoft.windows.common-controls_6595b64144ccf1df_6.0.7601.17514_none_fa396087175ac9ac\COMCTL32.dll
0x000007fefe280000 - 0x000007fefe2f1000 	C:\Windows\system32\SHLWAPI.dll
0x000007feff200000 - 0x000007feff22e000 	C:\Windows\system32\IMM32.DLL
0x000007fefe7d0000 - 0x000007fefe8d9000 	C:\Windows\system32\MSCTF.dll
0x000007fefcf30000 - 0x000007fefcf9e000 	C:\Windows\system32\dtrampo.dll
0x000007fef9e80000 - 0x000007fef9e83000 	C:\Windows\system32\api-ms-win-core-synch-l1-2-0.DLL
0x0000000071170000 - 0x0000000071242000 	D:\Java\jdk1.7.0_71\jre\bin\msvcr100.dll
0x0000000070990000 - 0x0000000071163000 	D:\Java\jdk1.7.0_71\jre\bin\server\jvm.dll
0x000007fef9ad0000 - 0x000007fef9ad9000 	C:\Windows\system32\WSOCK32.dll
0x000007fefe100000 - 0x000007fefe14d000 	C:\Windows\system32\WS2_32.dll
0x000007feff040000 - 0x000007feff048000 	C:\Windows\system32\NSI.dll
0x000007fefae00000 - 0x000007fefae3b000 	C:\Windows\system32\WINMM.dll
0x0000000077180000 - 0x0000000077187000 	C:\Windows\system32\PSAPI.DLL
0x0000000070980000 - 0x000000007098f000 	D:\Java\jdk1.7.0_71\jre\bin\verify.dll
0x0000000070950000 - 0x0000000070978000 	D:\Java\jdk1.7.0_71\jre\bin\java.dll
0x000000006cf10000 - 0x000000006cf45000 	D:\Java\jdk1.7.0_71\jre\bin\jdwp.dll
0x0000000073e70000 - 0x0000000073e78000 	D:\Java\jdk1.7.0_71\jre\bin\npt.dll
0x0000000070930000 - 0x0000000070945000 	D:\Java\jdk1.7.0_71\jre\bin\zip.dll
0x0000000073e60000 - 0x0000000073e69000 	D:\Java\jdk1.7.0_71\jre\bin\dt_socket.dll
0x000007fefb260000 - 0x000007fefb275000 	C:\Windows\system32\NLAapi.dll
0x000007fef9d10000 - 0x000007fef9d25000 	C:\Windows\system32\napinsp.dll
0x000007fef9cf0000 - 0x000007fef9d09000 	C:\Windows\system32\pnrpnsp.dll
0x000007fefc6c0000 - 0x000007fefc715000 	C:\Windows\System32\mswsock.dll
0x000007fefc540000 - 0x000007fefc59b000 	C:\Windows\system32\DNSAPI.dll
0x000007fef9ce0000 - 0x000007fef9ceb000 	C:\Windows\System32\winrnr.dll
0x000007fefab20000 - 0x000007fefab47000 	C:\Windows\system32\IPHLPAPI.DLL
0x000007fefab10000 - 0x000007fefab1b000 	C:\Windows\system32\WINNSI.DLL
0x000007fefa9d0000 - 0x000007fefaa23000 	C:\Windows\System32\fwpuclnt.dll
0x000007fef9ae0000 - 0x000007fef9ae8000 	C:\Windows\system32\rasadhlp.dll
0x000007fefc0c0000 - 0x000007fefc0c7000 	C:\Windows\System32\wshtcpip.dll
0x0000000070910000 - 0x0000000070929000 	D:\Java\jdk1.7.0_71\jre\bin\net.dll
0x000007fefc6b0000 - 0x000007fefc6b7000 	C:\Windows\System32\wship6.dll
0x00000000708f0000 - 0x0000000070901000 	D:\Java\jdk1.7.0_71\jre\bin\nio.dll
0x000007fefa9a0000 - 0x000007fefa9b1000 	C:\Windows\system32\dhcpcsvc6.DLL
0x000007fefa920000 - 0x000007fefa938000 	C:\Windows\system32\dhcpcsvc.DLL
0x0000000071250000 - 0x000000007125b000 	D:\Java\jdk1.7.0_71\jre\bin\management.dll
0x000007fefc720000 - 0x000007fefc737000 	C:\Windows\system32\CRYPTSP.dll
0x000007fefc420000 - 0x000007fefc467000 	C:\Windows\system32\rsaenh.dll
0x000007fefc1e0000 - 0x000007fefc1fe000 	C:\Windows\system32\USERENV.dll
0x000007fefce90000 - 0x000007fefce9f000 	C:\Windows\system32\profapi.dll
0x000007fefcdc0000 - 0x000007fefcdcf000 	C:\Windows\system32\CRYPTBASE.dll

VM Arguments:
jvm_args: -agentlib:jdwp=transport=dt_socket,suspend=y,address=localhost:57208 -Dfile.encoding=UTF-8 
java_command: com.aarony.cloud.hystrix.ServiceHystrixApplication
Launcher Type: SUN_STANDARD

Environment Variables:
JAVA_HOME=D:\Java\jdk1.7.0_71
JRE_HOME=D:\Java\jdk1.7.0_71\jre
PATH=D:\Java\jdk1.7.0_71\jre\bin;C:\Windows\system32;C:\Windows;C:\Windows\System32\Wbem;C:\Windows\System32\WindowsPowerShell\v1.0\;D:\Java\jdk1.7.0_71\bin;D:\Java\jdk1.7.0_71\jre;D:\apache-maven-3.3.9\bin;D:\apache-tomcat-7.0.68\bin;D:\Program Files\TortoiseSVN\bin;D:\nexus-2.14.5-02-bundle\nexus-2.14.5-02\bin
USERNAME=user100
OS=Windows_NT
PROCESSOR_IDENTIFIER=Intel64 Family 6 Model 94 Stepping 3, GenuineIntel



---------------  S Y S T E M  ---------------

OS: Windows 7 , 64 bit Build 7601 Service Pack 1

CPU:total 4 (4 cores per cpu, 1 threads per core) family 6 model 94 stepping 3, cmov, cx8, fxsr, mmx, sse, sse2, sse3, ssse3, sse4.1, sse4.2, popcnt, avx, avx2, aes, erms, tsc, tscinvbit

Memory: 4k page, physical 8266772k(1277580k free), swap 8264928k(5268k free)

vm_info: Java HotSpot(TM) 64-Bit Server VM (24.71-b01) for windows-amd64 JRE (1.7.0_71-b14), built on Sep 26 2014 16:16:12 by "java_re" with unknown MS VC++:1600

time: Fri Nov 03 11:34:19 2017
elapsed time: 6 seconds

