#
# There is insufficient memory for the Java Runtime Environment to continue.
# Native memory allocation (malloc) failed to allocate 984976 bytes for Chunk::new
# Possible reasons:
#   The system is out of physical RAM or swap space
#   In 32 bit mode, the process size limit was hit
# Possible solutions:
#   Reduce memory load on the system
#   Increase physical memory or swap space
#   Check if swap backing store is full
#   Use 64 bit Java on a 64 bit OS
#   Decrease Java heap size (-Xmx/-Xms)
#   Decrease number of Java threads
#   Decrease Java thread stack sizes (-Xss)
#   Set larger code cache with -XX:ReservedCodeCacheSize=
# This output file may be truncated or incomplete.
#
#  Out of Memory Error (allocation.cpp:323), pid=9052, tid=5852
#
# JRE version: Java(TM) SE Runtime Environment (7.0_71-b14) (build 1.7.0_71-b14)
# Java VM: Java HotSpot(TM) 64-Bit Server VM (24.71-b01 mixed mode windows-amd64 compressed oops)
# Failed to write core dump. Minidumps are not enabled by default on client versions of Windows
#

---------------  T H R E A D  ---------------

Current thread (0x000000000c432800):  JavaThread "C2 CompilerThread1" daemon [_thread_in_native, id=5852, stack(0x000000000d000000,0x000000000d100000)]

Stack: [0x000000000d000000,0x000000000d100000]
[error occurred during error reporting (printing stack bounds), id 0xc0000005]


Current CompileTask:
C2:   7563  873   !         org.springframework.core.annotation.AnnotatedElementUtils::searchWithFindSemantics (713 bytes)


---------------  P R O C E S S  ---------------

Java Threads: ( => current thread )
  0x000000000e0f4800 JavaThread "RxIoScheduler-1 (Evictor)" daemon [_thread_blocked, id=7804, stack(0x0000000011ad0000,0x0000000011bd0000)]
  0x000000000ee83800 JavaThread "spring.cloud.inetutils" daemon [_thread_blocked, id=8540, stack(0x0000000010670000,0x0000000010770000)]
  0x000000000e837000 JavaThread "container-0" [_thread_blocked, id=6228, stack(0x0000000010400000,0x0000000010500000)]
  0x000000000f5d9000 JavaThread "ContainerBackgroundProcessor[StandardEngine[Tomcat]]" daemon [_thread_blocked, id=1608, stack(0x0000000010210000,0x0000000010310000)]
  0x000000000e991800 JavaThread "localhost-startStop-1" daemon [_thread_blocked, id=4284, stack(0x000000000eef0000,0x000000000eff0000)]
  0x000000000f5ee800 JavaThread "Tomcat-startStop-1" daemon [_thread_blocked, id=1212, stack(0x0000000010000000,0x0000000010100000)]
  0x000000000c434800 JavaThread "Service Thread" daemon [_thread_blocked, id=8916, stack(0x000000000d4c0000,0x000000000d5c0000)]
=>0x000000000c432800 JavaThread "C2 CompilerThread1" daemon [_thread_in_native, id=5852, stack(0x000000000d000000,0x000000000d100000)]
  0x000000000c42e800 JavaThread "C2 CompilerThread0" daemon [_thread_in_native, id=4536, stack(0x000000000d3b0000,0x000000000d4b0000)]
  0x000000000c422000 JavaThread "JDWP Command Reader" daemon [_thread_in_native, id=7904, stack(0x000000000d190000,0x000000000d290000)]
  0x000000000c41d000 JavaThread "JDWP Event Helper Thread" daemon [_thread_blocked, id=8348, stack(0x000000000cf00000,0x000000000d000000)]
  0x000000000c411000 JavaThread "JDWP Transport Listener: dt_socket" daemon [_thread_blocked, id=7516, stack(0x000000000cd10000,0x000000000ce10000)]
  0x000000000b00a800 JavaThread "Attach Listener" daemon [_thread_blocked, id=3924, stack(0x000000000c200000,0x000000000c300000)]
  0x000000000c408800 JavaThread "Signal Dispatcher" daemon [_thread_blocked, id=5760, stack(0x000000000bde0000,0x000000000bee0000)]
  0x000000000af9b800 JavaThread "Finalizer" daemon [_thread_blocked, id=7448, stack(0x000000000c300000,0x000000000c400000)]
  0x000000000af94000 JavaThread "Reference Handler" daemon [_thread_blocked, id=6188, stack(0x000000000c020000,0x000000000c120000)]
  0x000000000262d800 JavaThread "main" [_thread_in_vm, id=5524, stack(0x0000000002a50000,0x0000000002b50000)]

Other Threads:
  0x000000000af90800 VMThread [stack: 0x000000000bee0000,0x000000000bfe0000] [id=3584]
  0x000000000c48f000 WatcherThread [stack: 0x000000000d5f0000,0x000000000d6f0000] [id=5212]

VM state:not at safepoint (normal execution)

VM Mutex/Monitor currently owned by a thread: None

Heap
 PSYoungGen      total 231424K, used 201027K [0x00000007d5e80000, 0x00000007e5500000, 0x0000000800000000)
  eden space 211456K, 89% used [0x00000007d5e80000,0x00000007e170a670,0x00000007e2d00000)
  from space 19968K, 60% used [0x00000007e4180000,0x00000007e4d46690,0x00000007e5500000)
  to   space 20480K, 0% used [0x00000007e2d00000,0x00000007e2d00000,0x00000007e4100000)
 ParOldGen       total 86016K, used 34487K [0x0000000781c00000, 0x0000000787000000, 0x00000007d5e80000)
  object space 86016K, 40% used [0x0000000781c00000,0x0000000783dade00,0x0000000787000000)
 PSPermGen       total 37888K, used 37438K [0x000000077ca00000, 0x000000077ef00000, 0x0000000781c00000)
  object space 37888K, 98% used [0x000000077ca00000,0x000000077ee8fa30,0x000000077ef00000)

Card table byte_map: [0x0000000005b50000,0x0000000005f70000] byte_map_base: 0x0000000001f6b000

Polling page: 0x0000000000130000

Code Cache  [0x0000000002b50000, 0x0000000002eb0000, 0x0000000005b50000)
 total_blobs=1171 nmethods=812 adapters=318 free_code_cache=45840Kb largest_free_block=46844544

Compilation events (10 events):
Event: 7.436 Thread 0x000000000c432800 nmethod 868 0x0000000002d903d0 code [0x0000000002d90500, 0x0000000002d90558]
Event: 7.456 Thread 0x000000000c432800  869             org.springframework.core.ResolvableType::as (81 bytes)
Event: 7.487 Thread 0x000000000c432800 nmethod 869 0x0000000002e8a150 code [0x0000000002e8a560, 0x0000000002e8c958]
Event: 7.487 Thread 0x000000000c432800  870             java.io.File::isInvalid (47 bytes)
Event: 7.490 Thread 0x000000000c432800 nmethod 870 0x0000000002d94e90 code [0x0000000002d94fe0, 0x0000000002d95258]
Event: 7.490 Thread 0x000000000c432800  871   !         org.springframework.util.ReflectionUtils::doWithLocalMethods (88 bytes)
Event: 7.490 Thread 0x000000000c42e800 nmethod 866 0x0000000002e96950 code [0x0000000002e96f60, 0x0000000002e9cb30]
Event: 7.491 Thread 0x000000000c42e800  872             com.sun.beans.TypeResolver::resolve (37 bytes)
Event: 7.497 Thread 0x000000000c432800 nmethod 871 0x0000000002e86310 code [0x0000000002e86540, 0x0000000002e86fc0]
Event: 7.498 Thread 0x000000000c432800  873   !         org.springframework.core.annotation.AnnotatedElementUtils::searchWithFindSemantics (713 bytes)

GC Heap History (10 events):
Event: 3.898 GC heap before
{Heap before GC invocations=6 (full 0):
 PSYoungGen      total 71680K, used 71650K [0x00000007d5e80000, 0x00000007df280000, 0x0000000800000000)
  eden space 66560K, 100% used [0x00000007d5e80000,0x00000007d9f80000,0x00000007d9f80000)
  from space 5120K, 99% used [0x00000007d9f80000,0x00000007da478b08,0x00000007da480000)
  to   space 9216K, 0% used [0x00000007de980000,0x00000007de980000,0x00000007df280000)
 ParOldGen       total 86016K, used 6023K [0x0000000781c00000, 0x0000000787000000, 0x00000007d5e80000)
  object space 86016K, 7% used [0x0000000781c00000,0x00000007821e1e58,0x0000000787000000)
 PSPermGen       total 23552K, used 23545K [0x000000077ca00000, 0x000000077e100000, 0x0000000781c00000)
  object space 23552K, 99% used [0x000000077ca00000,0x000000077e0fe4d8,0x000000077e100000)
Event: 3.916 GC heap after
Heap after GC invocations=6 (full 0):
 PSYoungGen      total 141312K, used 8923K [0x00000007d5e80000, 0x00000007df480000, 0x0000000800000000)
  eden space 132096K, 0% used [0x00000007d5e80000,0x00000007d5e80000,0x00000007ddf80000)
  from space 9216K, 96% used [0x00000007de980000,0x00000007df236e28,0x00000007df280000)
  to   space 10240K, 0% used [0x00000007ddf80000,0x00000007ddf80000,0x00000007de980000)
 ParOldGen       total 86016K, used 6023K [0x0000000781c00000, 0x0000000787000000, 0x00000007d5e80000)
  object space 86016K, 7% used [0x0000000781c00000,0x00000007821e1e58,0x0000000787000000)
 PSPermGen       total 23552K, used 23545K [0x000000077ca00000, 0x000000077e100000, 0x0000000781c00000)
  object space 23552K, 99% used [0x000000077ca00000,0x000000077e0fe4d8,0x000000077e100000)
}
Event: 4.972 GC heap before
{Heap before GC invocations=7 (full 0):
 PSYoungGen      total 141312K, used 141019K [0x00000007d5e80000, 0x00000007df480000, 0x0000000800000000)
  eden space 132096K, 100% used [0x00000007d5e80000,0x00000007ddf80000,0x00000007ddf80000)
  from space 9216K, 96% used [0x00000007de980000,0x00000007df236e28,0x00000007df280000)
  to   space 10240K, 0% used [0x00000007ddf80000,0x00000007ddf80000,0x00000007de980000)
 ParOldGen       total 86016K, used 6023K [0x0000000781c00000, 0x0000000787000000, 0x00000007d5e80000)
  object space 86016K, 7% used [0x0000000781c00000,0x00000007821e1e58,0x0000000787000000)
 PSPermGen       total 29696K, used 29571K [0x000000077ca00000, 0x000000077e700000, 0x0000000781c00000)
  object space 29696K, 99% used [0x000000077ca00000,0x000000077e6e0d38,0x000000077e700000)
Event: 4.983 GC heap after
Heap after GC invocations=7 (full 0):
 PSYoungGen      total 142336K, used 10224K [0x00000007d5e80000, 0x00000007df480000, 0x0000000800000000)
  eden space 132096K, 0% used [0x00000007d5e80000,0x00000007d5e80000,0x00000007ddf80000)
  from space 10240K, 99% used [0x00000007ddf80000,0x00000007de97c218,0x00000007de980000)
  to   space 9216K, 0% used [0x00000007de980000,0x00000007de980000,0x00000007df280000)
 ParOldGen       total 86016K, used 10793K [0x0000000781c00000, 0x0000000787000000, 0x00000007d5e80000)
  object space 86016K, 12% used [0x0000000781c00000,0x000000078268a4e8,0x0000000787000000)
 PSPermGen       total 29696K, used 29571K [0x000000077ca00000, 0x000000077e700000, 0x0000000781c00000)
  object space 29696K, 99% used [0x000000077ca00000,0x000000077e6e0d38,0x000000077e700000)
}
Event: 5.717 GC heap before
{Heap before GC invocations=8 (full 0):
 PSYoungGen      total 142336K, used 142320K [0x00000007d5e80000, 0x00000007df480000, 0x0000000800000000)
  eden space 132096K, 100% used [0x00000007d5e80000,0x00000007ddf80000,0x00000007ddf80000)
  from space 10240K, 99% used [0x00000007ddf80000,0x00000007de97c218,0x00000007de980000)
  to   space 9216K, 0% used [0x00000007de980000,0x00000007de980000,0x00000007df280000)
 ParOldGen       total 86016K, used 10793K [0x0000000781c00000, 0x0000000787000000, 0x00000007d5e80000)
  object space 86016K, 12% used [0x0000000781c00000,0x000000078268a4e8,0x0000000787000000)
 PSPermGen       total 33792K, used 33430K [0x000000077ca00000, 0x000000077eb00000, 0x0000000781c00000)
  object space 33792K, 98% used [0x000000077ca00000,0x000000077eaa5850,0x000000077eb00000)
Event: 5.731 GC heap after
Heap after GC invocations=8 (full 0):
 PSYoungGen      total 141312K, used 9209K [0x00000007d5e80000, 0x00000007df480000, 0x0000000800000000)
  eden space 132096K, 0% used [0x00000007d5e80000,0x00000007d5e80000,0x00000007ddf80000)
  from space 9216K, 99% used [0x00000007de980000,0x00000007df27e710,0x00000007df280000)
  to   space 10240K, 0% used [0x00000007ddf80000,0x00000007ddf80000,0x00000007de980000)
 ParOldGen       total 86016K, used 21428K [0x0000000781c00000, 0x0000000787000000, 0x00000007d5e80000)
  object space 86016K, 24% used [0x0000000781c00000,0x00000007830ed1a8,0x0000000787000000)
 PSPermGen       total 33792K, used 33430K [0x000000077ca00000, 0x000000077eb00000, 0x0000000781c00000)
  object space 33792K, 98% used [0x000000077ca00000,0x000000077eaa5850,0x000000077eb00000)
}
Event: 6.410 GC heap before
{Heap before GC invocations=9 (full 0):
 PSYoungGen      total 141312K, used 141305K [0x00000007d5e80000, 0x00000007df480000, 0x0000000800000000)
  eden space 132096K, 100% used [0x00000007d5e80000,0x00000007ddf80000,0x00000007ddf80000)
  from space 9216K, 99% used [0x00000007de980000,0x00000007df27e710,0x00000007df280000)
  to   space 10240K, 0% used [0x00000007ddf80000,0x00000007ddf80000,0x00000007de980000)
 ParOldGen       total 86016K, used 21428K [0x0000000781c00000, 0x0000000787000000, 0x00000007d5e80000)
  object space 86016K, 24% used [0x0000000781c00000,0x00000007830ed1a8,0x0000000787000000)
 PSPermGen       total 35328K, used 34995K [0x000000077ca00000, 0x000000077ec80000, 0x0000000781c00000)
  object space 35328K, 99% used [0x000000077ca00000,0x000000077ec2cf70,0x000000077ec80000)
Event: 6.419 GC heap after
Heap after GC invocations=9 (full 0):
 PSYoungGen      total 142336K, used 10235K [0x00000007d5e80000, 0x00000007e5600000, 0x0000000800000000)
  eden space 132096K, 0% used [0x00000007d5e80000,0x00000007d5e80000,0x00000007ddf80000)
  from space 10240K, 99% used [0x00000007ddf80000,0x00000007de97edf8,0x00000007de980000)
  to   space 20992K, 0% used [0x00000007e4180000,0x00000007e4180000,0x00000007e5600000)
 ParOldGen       total 86016K, used 28518K [0x0000000781c00000, 0x0000000787000000, 0x00000007d5e80000)
  object space 86016K, 33% used [0x0000000781c00000,0x00000007837d9a40,0x0000000787000000)
 PSPermGen       total 35328K, used 34995K [0x000000077ca00000, 0x000000077ec80000, 0x0000000781c00000)
  object space 35328K, 99% used [0x000000077ca00000,0x000000077ec2cf70,0x000000077ec80000)
}
Event: 6.921 GC heap before
{Heap before GC invocations=10 (full 0):
 PSYoungGen      total 142336K, used 142331K [0x00000007d5e80000, 0x00000007e5600000, 0x0000000800000000)
  eden space 132096K, 100% used [0x00000007d5e80000,0x00000007ddf80000,0x00000007ddf80000)
  from space 10240K, 99% used [0x00000007ddf80000,0x00000007de97edf8,0x00000007de980000)
  to   space 20992K, 0% used [0x00000007e4180000,0x00000007e4180000,0x00000007e5600000)
 ParOldGen       total 86016K, used 28518K [0x0000000781c00000, 0x0000000787000000, 0x00000007d5e80000)
  object space 86016K, 33% used [0x0000000781c00000,0x00000007837d9a40,0x0000000787000000)
 PSPermGen       total 36864K, used 36370K [0x000000077ca00000, 0x000000077ee00000, 0x0000000781c00000)
  object space 36864K, 98% used [0x000000077ca00000,0x000000077ed84a80,0x000000077ee00000)
Event: 6.934 GC heap after
Heap after GC invocations=10 (full 0):
 PSYoungGen      total 231424K, used 12057K [0x00000007d5e80000, 0x00000007e5500000, 0x0000000800000000)
  eden space 211456K, 0% used [0x00000007d5e80000,0x00000007d5e80000,0x00000007e2d00000)
  from space 19968K, 60% used [0x00000007e4180000,0x00000007e4d46690,0x00000007e5500000)
  to   space 20480K, 0% used [0x00000007e2d00000,0x00000007e2d00000,0x00000007e4100000)
 ParOldGen       total 86016K, used 34487K [0x0000000781c00000, 0x0000000787000000, 0x00000007d5e80000)
  object space 86016K, 40% used [0x0000000781c00000,0x0000000783dade00,0x0000000787000000)
 PSPermGen       total 36864K, used 36370K [0x000000077ca00000, 0x000000077ee00000, 0x0000000781c00000)
  object space 36864K, 98% used [0x000000077ca00000,0x000000077ed84a80,0x000000077ee00000)
}

Deoptimization events (10 events):
Event: 7.546 Thread 0x000000000262d800 Uncommon trap: reason=unhandled action=none pc=0x0000000002c5c338 method=java.net.URLClassLoader$1.run()Ljava/lang/Class; @ 72
Event: 7.546 Thread 0x000000000262d800 Uncommon trap: reason=unhandled action=none pc=0x0000000002c5c338 method=java.net.URLClassLoader$1.run()Ljava/lang/Class; @ 72
Event: 7.546 Thread 0x000000000262d800 Uncommon trap: reason=unhandled action=none pc=0x0000000002c5c338 method=java.net.URLClassLoader$1.run()Ljava/lang/Class; @ 72
Event: 7.546 Thread 0x000000000262d800 Uncommon trap: reason=unhandled action=none pc=0x0000000002c5c338 method=java.net.URLClassLoader$1.run()Ljava/lang/Class; @ 72
Event: 7.546 Thread 0x000000000262d800 Uncommon trap: reason=unhandled action=none pc=0x0000000002c5c338 method=java.net.URLClassLoader$1.run()Ljava/lang/Class; @ 72
Event: 7.546 Thread 0x000000000262d800 Uncommon trap: reason=unhandled action=none pc=0x0000000002c5c338 method=java.net.URLClassLoader$1.run()Ljava/lang/Class; @ 72
Event: 7.547 Thread 0x000000000262d800 Uncommon trap: reason=unhandled action=none pc=0x0000000002c5c338 method=java.net.URLClassLoader$1.run()Ljava/lang/Class; @ 72
Event: 7.547 Thread 0x000000000262d800 Uncommon trap: reason=unhandled action=none pc=0x0000000002c5c338 method=java.net.URLClassLoader$1.run()Ljava/lang/Class; @ 72
Event: 7.547 Thread 0x000000000262d800 Uncommon trap: reason=unhandled action=none pc=0x0000000002c5c338 method=java.net.URLClassLoader$1.run()Ljava/lang/Class; @ 72
Event: 7.547 Thread 0x000000000262d800 Uncommon trap: reason=unhandled action=none pc=0x0000000002c5c338 method=java.net.URLClassLoader$1.run()Ljava/lang/Class; @ 72

Internal exceptions (10 events):
Event: 7.546 Thread 0x000000000262d800 Threw 0x00000007e10569f0 at C:\re\jdk7u71\1605\hotspot\src\share\vm\prims\jvm.cpp:1281
Event: 7.546 Thread 0x000000000262d800 Threw 0x00000007e1069a70 at C:\re\jdk7u71\1605\hotspot\src\share\vm\prims\jvm.cpp:1281
Event: 7.546 Thread 0x000000000262d800 Threw 0x00000007e106a388 at C:\re\jdk7u71\1605\hotspot\src\share\vm\prims\jvm.cpp:1281
Event: 7.546 Thread 0x000000000262d800 Threw 0x00000007e107d460 at C:\re\jdk7u71\1605\hotspot\src\share\vm\prims\jvm.cpp:1281
Event: 7.546 Thread 0x000000000262d800 Threw 0x00000007e107d748 at C:\re\jdk7u71\1605\hotspot\src\share\vm\classfile\systemDictionary.cpp:185
Event: 7.547 Thread 0x000000000262d800 Threw 0x00000007e1080300 at C:\re\jdk7u71\1605\hotspot\src\share\vm\prims\jvm.cpp:1281
Event: 7.547 Thread 0x000000000262d800 Threw 0x00000007e108f538 at C:\re\jdk7u71\1605\hotspot\src\share\vm\prims\jvm.cpp:1281
Event: 7.547 Thread 0x000000000262d800 Threw 0x00000007e108fd60 at C:\re\jdk7u71\1605\hotspot\src\share\vm\prims\jvm.cpp:1281
Event: 7.547 Thread 0x000000000262d800 Threw 0x00000007e109ef98 at C:\re\jdk7u71\1605\hotspot\src\share\vm\prims\jvm.cpp:1281
Event: 7.547 Thread 0x000000000262d800 Threw 0x00000007e109f258 at C:\re\jdk7u71\1605\hotspot\src\share\vm\classfile\systemDictionary.cpp:185

Events (10 events):
Event: 7.547 Thread 0x000000000262d800 DEOPT UNPACKING pc=0x0000000002b892b9 sp=0x0000000002b4d8a8 mode 1
Event: 7.547 Thread 0x000000000262d800 Uncommon trap: trap_request=0xffffffa7 fr.pc=0x0000000002c5c338
Event: 7.547 Thread 0x000000000262d800 DEOPT PACKING pc=0x0000000002c5c338 sp=0x0000000002b4d030
Event: 7.547 Thread 0x000000000262d800 DEOPT UNPACKING pc=0x0000000002b875a4 sp=0x0000000002b4d058 mode 2
Event: 7.547 Thread 0x000000000262d800 DEOPT PACKING pc=0x0000000002e0d720 sp=0x0000000002b4dc30
Event: 7.547 Thread 0x000000000262d800 DEOPT UNPACKING pc=0x0000000002b892b9 sp=0x0000000002b4d958 mode 1
Event: 7.547 Thread 0x000000000262d800 DEOPT PACKING pc=0x0000000002caecfc sp=0x0000000002b4dd40
Event: 7.547 Thread 0x000000000262d800 DEOPT UNPACKING pc=0x0000000002b892b9 sp=0x0000000002b4da18 mode 1
Event: 7.547 loading class 0x000000000ee49d30
Event: 7.547 loading class 0x000000000ee49d30 done


Dynamic libraries:
0x000000013fbd0000 - 0x000000013fc03000 	D:\Java\jdk1.7.0_71\bin\javaw.exe
0x0000000076fb0000 - 0x0000000077159000 	C:\Windows\SYSTEM32\ntdll.dll
0x0000000076e90000 - 0x0000000076faf000 	C:\Windows\system32\kernel32.dll
0x000007fefcfb0000 - 0x000007fefd01b000 	C:\Windows\system32\KERNELBASE.dll
0x000007feff050000 - 0x000007feff12b000 	C:\Windows\system32\ADVAPI32.dll
0x000007fefe060000 - 0x000007fefe0ff000 	C:\Windows\system32\msvcrt.dll
0x000007fefeae0000 - 0x000007fefeaff000 	C:\Windows\SYSTEM32\sechost.dll
0x000007fefe3a0000 - 0x000007fefe4cd000 	C:\Windows\system32\RPCRT4.dll
0x0000000076d90000 - 0x0000000076e8a000 	C:\Windows\system32\USER32.dll
0x000007fefedf0000 - 0x000007fefee57000 	C:\Windows\system32\GDI32.dll
0x000007feff2b0000 - 0x000007feff2be000 	C:\Windows\system32\LPK.dll
0x000007feff130000 - 0x000007feff1f9000 	C:\Windows\system32\USP10.dll
0x000007fefb6d0000 - 0x000007fefb8c4000 	C:\Windows\WinSxS\amd64_microsoft.windows.common-controls_6595b64144ccf1df_6.0.7601.17514_none_fa396087175ac9ac\COMCTL32.dll
0x000007fefe280000 - 0x000007fefe2f1000 	C:\Windows\system32\SHLWAPI.dll
0x000007feff200000 - 0x000007feff22e000 	C:\Windows\system32\IMM32.DLL
0x000007fefe7d0000 - 0x000007fefe8d9000 	C:\Windows\system32\MSCTF.dll
0x000007fefcf30000 - 0x000007fefcf9e000 	C:\Windows\system32\dtrampo.dll
0x000007fef9e80000 - 0x000007fef9e83000 	C:\Windows\system32\api-ms-win-core-synch-l1-2-0.DLL
0x0000000071170000 - 0x0000000071242000 	D:\Java\jdk1.7.0_71\jre\bin\msvcr100.dll
0x0000000070990000 - 0x0000000071163000 	D:\Java\jdk1.7.0_71\jre\bin\server\jvm.dll
0x000007fef9ad0000 - 0x000007fef9ad9000 	C:\Windows\system32\WSOCK32.dll
0x000007fefe100000 - 0x000007fefe14d000 	C:\Windows\system32\WS2_32.dll
0x000007feff040000 - 0x000007feff048000 	C:\Windows\system32\NSI.dll
0x000007fefae00000 - 0x000007fefae3b000 	C:\Windows\system32\WINMM.dll
0x0000000077180000 - 0x0000000077187000 	C:\Windows\system32\PSAPI.DLL
0x0000000070980000 - 0x000000007098f000 	D:\Java\jdk1.7.0_71\jre\bin\verify.dll
0x0000000070950000 - 0x0000000070978000 	D:\Java\jdk1.7.0_71\jre\bin\java.dll
0x000000006cf10000 - 0x000000006cf45000 	D:\Java\jdk1.7.0_71\jre\bin\jdwp.dll
0x0000000073e70000 - 0x0000000073e78000 	D:\Java\jdk1.7.0_71\jre\bin\npt.dll
0x0000000070930000 - 0x0000000070945000 	D:\Java\jdk1.7.0_71\jre\bin\zip.dll
0x0000000073e60000 - 0x0000000073e69000 	D:\Java\jdk1.7.0_71\jre\bin\dt_socket.dll
0x000007fefb260000 - 0x000007fefb275000 	C:\Windows\system32\NLAapi.dll
0x000007fef9d10000 - 0x000007fef9d25000 	C:\Windows\system32\napinsp.dll
0x000007fef9cf0000 - 0x000007fef9d09000 	C:\Windows\system32\pnrpnsp.dll
0x000007fefc6c0000 - 0x000007fefc715000 	C:\Windows\System32\mswsock.dll
0x000007fefc540000 - 0x000007fefc59b000 	C:\Windows\system32\DNSAPI.dll
0x000007fef9ce0000 - 0x000007fef9ceb000 	C:\Windows\System32\winrnr.dll
0x000007fefab20000 - 0x000007fefab47000 	C:\Windows\system32\IPHLPAPI.DLL
0x000007fefab10000 - 0x000007fefab1b000 	C:\Windows\system32\WINNSI.DLL
0x000007fefa9d0000 - 0x000007fefaa23000 	C:\Windows\System32\fwpuclnt.dll
0x000007fef9ae0000 - 0x000007fef9ae8000 	C:\Windows\system32\rasadhlp.dll
0x000007fefc0c0000 - 0x000007fefc0c7000 	C:\Windows\System32\wshtcpip.dll
0x0000000070910000 - 0x0000000070929000 	D:\Java\jdk1.7.0_71\jre\bin\net.dll
0x000007fefc6b0000 - 0x000007fefc6b7000 	C:\Windows\System32\wship6.dll
0x00000000708f0000 - 0x0000000070901000 	D:\Java\jdk1.7.0_71\jre\bin\nio.dll
0x000007fefa9a0000 - 0x000007fefa9b1000 	C:\Windows\system32\dhcpcsvc6.DLL
0x000007fefa920000 - 0x000007fefa938000 	C:\Windows\system32\dhcpcsvc.DLL
0x0000000071250000 - 0x000000007125b000 	D:\Java\jdk1.7.0_71\jre\bin\management.dll
0x000007fefc720000 - 0x000007fefc737000 	C:\Windows\system32\CRYPTSP.dll
0x000007fefc420000 - 0x000007fefc467000 	C:\Windows\system32\rsaenh.dll
0x000007fefc1e0000 - 0x000007fefc1fe000 	C:\Windows\system32\USERENV.dll
0x000007fefce90000 - 0x000007fefce9f000 	C:\Windows\system32\profapi.dll
0x000007fefcdc0000 - 0x000007fefcdcf000 	C:\Windows\system32\CRYPTBASE.dll

VM Arguments:
jvm_args: -agentlib:jdwp=transport=dt_socket,suspend=y,address=localhost:57058 -Dfile.encoding=UTF-8 
java_command: com.aarony.cloud.hystrix.ServiceHystrixApplication
Launcher Type: SUN_STANDARD

Environment Variables:
JAVA_HOME=D:\Java\jdk1.7.0_71
JRE_HOME=D:\Java\jdk1.7.0_71\jre
PATH=D:\Java\jdk1.7.0_71\jre\bin;C:\Windows\system32;C:\Windows;C:\Windows\System32\Wbem;C:\Windows\System32\WindowsPowerShell\v1.0\;D:\Java\jdk1.7.0_71\bin;D:\Java\jdk1.7.0_71\jre;D:\apache-maven-3.3.9\bin;D:\apache-tomcat-7.0.68\bin;D:\Program Files\TortoiseSVN\bin;D:\nexus-2.14.5-02-bundle\nexus-2.14.5-02\bin
USERNAME=user100
OS=Windows_NT
PROCESSOR_IDENTIFIER=Intel64 Family 6 Model 94 Stepping 3, GenuineIntel



---------------  S Y S T E M  ---------------

OS: Windows 7 , 64 bit Build 7601 Service Pack 1

CPU:total 4 (4 cores per cpu, 1 threads per core) family 6 model 94 stepping 3, cmov, cx8, fxsr, mmx, sse, sse2, sse3, ssse3, sse4.1, sse4.2, popcnt, avx, avx2, aes, erms, tsc, tscinvbit

Memory: 4k page, physical 8266772k(1225816k free), swap 8264928k(6600k free)

vm_info: Java HotSpot(TM) 64-Bit Server VM (24.71-b01) for windows-amd64 JRE (1.7.0_71-b14), built on Sep 26 2014 16:16:12 by "java_re" with unknown MS VC++:1600

time: Fri Nov 03 11:33:39 2017
elapsed time: 7 seconds

